2019-07-16 20:00:13,740 [DEBUG] SingleClientConnManager:210 - Get connection for route {}->http://sw-center.st.com:80
2019-07-16 20:00:13,873 [DEBUG] DefaultClientConnectionOperator:177 - Connecting to sw-center.st.com:80
2019-07-16 20:00:13,922 [DEBUG] RequestAddCookies:123 - CookieSpec selected: default
2019-07-16 20:00:13,924 [DEBUG] RequestAuthCache:77 - Auth cache not set in the context
2019-07-16 20:00:13,924 [DEBUG] RequestTargetAuthentication:80 - Target auth state: UNCHALLENGED
2019-07-16 20:00:13,925 [DEBUG] RequestProxyAuthentication:89 - Proxy auth state: UNCHALLENGED
2019-07-16 20:00:13,926 [DEBUG] SNIAwareHttpClient:682 - Attempt 1 to execute request
2019-07-16 20:00:13,926 [DEBUG] DefaultClientConnection:274 - Sending request: GET /stm32cubeide/updatesite1/p2.index HTTP/1.1
2019-07-16 20:00:13,928 [DEBUG] wire:73 -  >> "GET /stm32cubeide/updatesite1/p2.index HTTP/1.1[\r][\n]"
2019-07-16 20:00:13,930 [DEBUG] wire:73 -  >> "Cache-Control: max-age=0[\r][\n]"
2019-07-16 20:00:13,930 [DEBUG] wire:73 -  >> "User-Agent: p2/1.2.100.v20180822-1354 (Java 1.8.0_202-b08 AdoptOpenJdk; Windows10 10.0.0 x86-64; en_US) com.st.stm32cube.ide.mcu.rcp.product/unknownBuildId (org.eclipse.ui.ide.workbench)[\r][\n]"
2019-07-16 20:00:13,931 [DEBUG] wire:73 -  >> "Host: sw-center.st.com[\r][\n]"
2019-07-16 20:00:13,931 [DEBUG] wire:73 -  >> "Connection: Keep-Alive[\r][\n]"
2019-07-16 20:00:13,932 [DEBUG] wire:73 -  >> "Accept-Encoding: gzip,deflate[\r][\n]"
2019-07-16 20:00:13,932 [DEBUG] wire:73 -  >> "[\r][\n]"
2019-07-16 20:00:13,933 [DEBUG] headers:278 - >> GET /stm32cubeide/updatesite1/p2.index HTTP/1.1
2019-07-16 20:00:13,933 [DEBUG] headers:281 - >> Cache-Control: max-age=0
2019-07-16 20:00:13,934 [DEBUG] headers:281 - >> User-Agent: p2/1.2.100.v20180822-1354 (Java 1.8.0_202-b08 AdoptOpenJdk; Windows10 10.0.0 x86-64; en_US) com.st.stm32cube.ide.mcu.rcp.product/unknownBuildId (org.eclipse.ui.ide.workbench)
2019-07-16 20:00:13,934 [DEBUG] headers:281 - >> Host: sw-center.st.com
2019-07-16 20:00:13,934 [DEBUG] headers:281 - >> Connection: Keep-Alive
2019-07-16 20:00:13,935 [DEBUG] headers:281 - >> Accept-Encoding: gzip,deflate
2019-07-16 20:00:14,030 [DEBUG] wire:73 -  << "HTTP/1.1 404 Not Found[\r][\n]"
2019-07-16 20:00:14,033 [DEBUG] wire:73 -  << "Date: Tue, 16 Jul 2019 19:00:15 GMT[\r][\n]"
2019-07-16 20:00:14,034 [DEBUG] wire:73 -  << "x-amz-request-id: 5F5F9839604FEDC8[\r][\n]"
2019-07-16 20:00:14,034 [DEBUG] wire:73 -  << "x-amz-id-2: WsgJYpgaVs9iBe6SP5fIkLHDocdwMVWQD1QON25n4fHeG0o9bfwaNIMTqFKL0RegiJiSBbeCLto=[\r][\n]"
2019-07-16 20:00:14,035 [DEBUG] wire:73 -  << "Content-Type: text/html; charset=utf-8[\r][\n]"
2019-07-16 20:00:14,035 [DEBUG] wire:73 -  << "Content-Length: 368[\r][\n]"
2019-07-16 20:00:14,036 [DEBUG] wire:73 -  << "Server: PWS/8.3.1.0.8[\r][\n]"
2019-07-16 20:00:14,036 [DEBUG] wire:73 -  << "Via: 1.1 PSygldLON2mb11:0 (W), 1.1 PSxbymdlMAD1oz79:3 (W)[\r][\n]"
2019-07-16 20:00:14,037 [DEBUG] wire:73 -  << "X-Px: ms PSxbymdlMAD1oz79none,ms PSygldLON2mb11none(origin)[\r][\n]"
2019-07-16 20:00:14,037 [DEBUG] wire:73 -  << "Connection: close[\r][\n]"
2019-07-16 20:00:14,037 [DEBUG] wire:73 -  << "Cahe-Control: public,max-age=1800[\r][\n]"
2019-07-16 20:00:14,038 [DEBUG] wire:73 -  << "[\r][\n]"
2019-07-16 20:00:14,039 [DEBUG] DefaultClientConnection:259 - Receiving response: HTTP/1.1 404 Not Found
2019-07-16 20:00:14,039 [DEBUG] headers:262 - << HTTP/1.1 404 Not Found
2019-07-16 20:00:14,040 [DEBUG] headers:265 - << Date: Tue, 16 Jul 2019 19:00:15 GMT
2019-07-16 20:00:14,040 [DEBUG] headers:265 - << x-amz-request-id: 5F5F9839604FEDC8
2019-07-16 20:00:14,041 [DEBUG] headers:265 - << x-amz-id-2: WsgJYpgaVs9iBe6SP5fIkLHDocdwMVWQD1QON25n4fHeG0o9bfwaNIMTqFKL0RegiJiSBbeCLto=
2019-07-16 20:00:14,041 [DEBUG] headers:265 - << Content-Type: text/html; charset=utf-8
2019-07-16 20:00:14,041 [DEBUG] headers:265 - << Content-Length: 368
2019-07-16 20:00:14,042 [DEBUG] headers:265 - << Server: PWS/8.3.1.0.8
2019-07-16 20:00:14,042 [DEBUG] headers:265 - << Via: 1.1 PSygldLON2mb11:0 (W), 1.1 PSxbymdlMAD1oz79:3 (W)
2019-07-16 20:00:14,043 [DEBUG] headers:265 - << X-Px: ms PSxbymdlMAD1oz79none,ms PSygldLON2mb11none(origin)
2019-07-16 20:00:14,043 [DEBUG] headers:265 - << Connection: close
2019-07-16 20:00:14,043 [DEBUG] headers:265 - << Cahe-Control: public,max-age=1800
2019-07-16 20:00:14,055 [DEBUG] SingleClientConnManager:265 - Releasing connection org.apache.http.impl.conn.SingleClientConnManager$ConnAdapter@ec2c868
2019-07-16 20:00:14,056 [DEBUG] SingleClientConnManager:282 - Released connection open but not reusable.
2019-07-16 20:00:14,058 [DEBUG] DefaultClientConnection:164 - Connection 0.0.0.0:63231<->163.171.135.102:80 shut down
2019-07-16 20:00:14,098 [DEBUG] BasicClientConnectionManager:161 - Get connection for route {}->http://sw-center.st.com:80
2019-07-16 20:00:14,101 [DEBUG] DefaultClientConnectionOperator:177 - Connecting to sw-center.st.com:80
2019-07-16 20:00:14,143 [DEBUG] RequestAddCookies:123 - CookieSpec selected: default
2019-07-16 20:00:14,143 [DEBUG] RequestAuthCache:77 - Auth cache not set in the context
2019-07-16 20:00:14,144 [DEBUG] RequestTargetAuthentication:80 - Target auth state: UNCHALLENGED
2019-07-16 20:00:14,144 [DEBUG] RequestProxyAuthentication:89 - Proxy auth state: UNCHALLENGED
2019-07-16 20:00:14,145 [DEBUG] SNIAwareHttpClient:682 - Attempt 1 to execute request
2019-07-16 20:00:14,145 [DEBUG] DefaultClientConnection:274 - Sending request: HEAD /stm32cubeide/updatesite1/compositeContent.jar HTTP/1.1
2019-07-16 20:00:14,145 [DEBUG] wire:73 -  >> "HEAD /stm32cubeide/updatesite1/compositeContent.jar HTTP/1.1[\r][\n]"
2019-07-16 20:00:14,146 [DEBUG] wire:73 -  >> "Cache-Control: max-age=0[\r][\n]"
2019-07-16 20:00:14,146 [DEBUG] wire:73 -  >> "Host: sw-center.st.com[\r][\n]"
2019-07-16 20:00:14,147 [DEBUG] wire:73 -  >> "Connection: Keep-Alive[\r][\n]"
2019-07-16 20:00:14,147 [DEBUG] wire:73 -  >> "User-Agent: Apache-HttpClient/4.5.5 (Java/1.8.0_202)[\r][\n]"
2019-07-16 20:00:14,147 [DEBUG] wire:73 -  >> "[\r][\n]"
2019-07-16 20:00:14,147 [DEBUG] headers:278 - >> HEAD /stm32cubeide/updatesite1/compositeContent.jar HTTP/1.1
2019-07-16 20:00:14,148 [DEBUG] headers:281 - >> Cache-Control: max-age=0
2019-07-16 20:00:14,148 [DEBUG] headers:281 - >> Host: sw-center.st.com
2019-07-16 20:00:14,148 [DEBUG] headers:281 - >> Connection: Keep-Alive
2019-07-16 20:00:14,148 [DEBUG] headers:281 - >> User-Agent: Apache-HttpClient/4.5.5 (Java/1.8.0_202)
2019-07-16 20:00:14,311 [DEBUG] wire:73 -  << "HTTP/1.1 404 Not Found[\r][\n]"
2019-07-16 20:00:14,312 [DEBUG] wire:73 -  << "Date: Tue, 16 Jul 2019 19:00:15 GMT[\r][\n]"
2019-07-16 20:00:14,312 [DEBUG] wire:73 -  << "x-amz-error-code: NoSuchKey[\r][\n]"
2019-07-16 20:00:14,313 [DEBUG] wire:73 -  << "x-amz-error-message: The specified key does not exist.[\r][\n]"
2019-07-16 20:00:14,313 [DEBUG] wire:73 -  << "x-amz-error-detail-Key: stm32cubeide/updatesite1/compositeContent.jar[\r][\n]"
2019-07-16 20:00:14,314 [DEBUG] wire:73 -  << "x-amz-request-id: C3FADF56356C74A0[\r][\n]"
2019-07-16 20:00:14,314 [DEBUG] wire:73 -  << "x-amz-id-2: 2W49TbGo03LE2ybilirZC7CHhHc694/X+s4PHtCI9GY4sbs8oj3LBqYNEASF/X9C9wVcS0XyYns=[\r][\n]"
2019-07-16 20:00:14,315 [DEBUG] wire:73 -  << "Transfer-Encoding: chunked[\r][\n]"
2019-07-16 20:00:14,315 [DEBUG] wire:73 -  << "Server: PWS/8.3.1.0.8[\r][\n]"
2019-07-16 20:00:14,315 [DEBUG] wire:73 -  << "Via: 1.1 PSygldLON2ii12:2 (W), 1.1 PSxbymdlMAD1gz75:3 (W)[\r][\n]"
2019-07-16 20:00:14,316 [DEBUG] wire:73 -  << "X-Px: ms PSxbymdlMAD1gz75none,ms PSygldLON2ii12none(origin)[\r][\n]"
2019-07-16 20:00:14,316 [DEBUG] wire:73 -  << "Connection: close[\r][\n]"
2019-07-16 20:00:14,316 [DEBUG] wire:73 -  << "Cahe-Control: public,max-age=1800[\r][\n]"
2019-07-16 20:00:14,317 [DEBUG] wire:73 -  << "[\r][\n]"
2019-07-16 20:00:14,317 [DEBUG] DefaultClientConnection:259 - Receiving response: HTTP/1.1 404 Not Found
2019-07-16 20:00:14,317 [DEBUG] headers:262 - << HTTP/1.1 404 Not Found
2019-07-16 20:00:14,317 [DEBUG] headers:265 - << Date: Tue, 16 Jul 2019 19:00:15 GMT
2019-07-16 20:00:14,318 [DEBUG] headers:265 - << x-amz-error-code: NoSuchKey
2019-07-16 20:00:14,318 [DEBUG] headers:265 - << x-amz-error-message: The specified key does not exist.
2019-07-16 20:00:14,318 [DEBUG] headers:265 - << x-amz-error-detail-Key: stm32cubeide/updatesite1/compositeContent.jar
2019-07-16 20:00:14,318 [DEBUG] headers:265 - << x-amz-request-id: C3FADF56356C74A0
2019-07-16 20:00:14,319 [DEBUG] headers:265 - << x-amz-id-2: 2W49TbGo03LE2ybilirZC7CHhHc694/X+s4PHtCI9GY4sbs8oj3LBqYNEASF/X9C9wVcS0XyYns=
2019-07-16 20:00:14,319 [DEBUG] headers:265 - << Transfer-Encoding: chunked
2019-07-16 20:00:14,319 [DEBUG] headers:265 - << Server: PWS/8.3.1.0.8
2019-07-16 20:00:14,319 [DEBUG] headers:265 - << Via: 1.1 PSygldLON2ii12:2 (W), 1.1 PSxbymdlMAD1gz75:3 (W)
2019-07-16 20:00:14,320 [DEBUG] headers:265 - << X-Px: ms PSxbymdlMAD1gz75none,ms PSygldLON2ii12none(origin)
2019-07-16 20:00:14,320 [DEBUG] headers:265 - << Connection: close
2019-07-16 20:00:14,320 [DEBUG] headers:265 - << Cahe-Control: public,max-age=1800
2019-07-16 20:00:14,321 [DEBUG] BasicClientConnectionManager:200 - Releasing connection org.apache.http.impl.conn.ManagedClientConnectionImpl@6a402c79
2019-07-16 20:00:14,321 [DEBUG] DefaultClientConnection:164 - Connection 0.0.0.0:63232<->163.171.135.102:80 shut down
2019-07-16 20:00:14,330 [DEBUG] BasicClientConnectionManager:161 - Get connection for route {}->http://sw-center.st.com:80
2019-07-16 20:00:14,330 [DEBUG] DefaultClientConnectionOperator:177 - Connecting to sw-center.st.com:80
2019-07-16 20:00:14,346 [DEBUG] RequestAddCookies:123 - CookieSpec selected: default
2019-07-16 20:00:14,346 [DEBUG] RequestAuthCache:77 - Auth cache not set in the context
2019-07-16 20:00:14,347 [DEBUG] RequestTargetAuthentication:80 - Target auth state: UNCHALLENGED
2019-07-16 20:00:14,347 [DEBUG] RequestProxyAuthentication:89 - Proxy auth state: UNCHALLENGED
2019-07-16 20:00:14,347 [DEBUG] SNIAwareHttpClient:682 - Attempt 1 to execute request
2019-07-16 20:00:14,347 [DEBUG] DefaultClientConnection:274 - Sending request: HEAD /stm32cubeide/updatesite1/compositeContent.xml HTTP/1.1
2019-07-16 20:00:14,347 [DEBUG] wire:73 -  >> "HEAD /stm32cubeide/updatesite1/compositeContent.xml HTTP/1.1[\r][\n]"
2019-07-16 20:00:14,348 [DEBUG] wire:73 -  >> "Cache-Control: max-age=0[\r][\n]"
2019-07-16 20:00:14,348 [DEBUG] wire:73 -  >> "Host: sw-center.st.com[\r][\n]"
2019-07-16 20:00:14,348 [DEBUG] wire:73 -  >> "Connection: Keep-Alive[\r][\n]"
2019-07-16 20:00:14,348 [DEBUG] wire:73 -  >> "User-Agent: Apache-HttpClient/4.5.5 (Java/1.8.0_202)[\r][\n]"
2019-07-16 20:00:14,349 [DEBUG] wire:73 -  >> "[\r][\n]"
2019-07-16 20:00:14,349 [DEBUG] headers:278 - >> HEAD /stm32cubeide/updatesite1/compositeContent.xml HTTP/1.1
2019-07-16 20:00:14,349 [DEBUG] headers:281 - >> Cache-Control: max-age=0
2019-07-16 20:00:14,349 [DEBUG] headers:281 - >> Host: sw-center.st.com
2019-07-16 20:00:14,350 [DEBUG] headers:281 - >> Connection: Keep-Alive
2019-07-16 20:00:14,350 [DEBUG] headers:281 - >> User-Agent: Apache-HttpClient/4.5.5 (Java/1.8.0_202)
2019-07-16 20:00:14,365 [DEBUG] wire:73 -  << "HTTP/1.1 200 OK[\r][\n]"
2019-07-16 20:00:14,366 [DEBUG] wire:73 -  << "Date: Mon, 15 Jul 2019 16:13:47 GMT[\r][\n]"
2019-07-16 20:00:14,366 [DEBUG] wire:73 -  << "x-amz-id-2: cTc/RqcvwdblEbwafcX7dHJVyTNoQ3GGd5O2VnJnruzV6UW/mzNHY3/EC8H1bFeSDQ/YSwGuNc4=[\r][\n]"
2019-07-16 20:00:14,366 [DEBUG] wire:73 -  << "x-amz-request-id: 153010CB874BE4CB[\r][\n]"
2019-07-16 20:00:14,367 [DEBUG] wire:73 -  << "x-amz-meta-cb-modifiedtime: Fri, 14 Jun 2019 11:16:26 GMT[\r][\n]"
2019-07-16 20:00:14,367 [DEBUG] wire:73 -  << "Last-Modified: Fri, 14 Jun 2019 12:12:01 GMT[\r][\n]"
2019-07-16 20:00:14,367 [DEBUG] wire:73 -  << "x-amz-version-id: IFVHJGGig3_zVSudePh3smRIuoGC73eN[\r][\n]"
2019-07-16 20:00:14,367 [DEBUG] wire:73 -  << "ETag: "87c573d09f1067d12859879ead3260a2"[\r][\n]"
2019-07-16 20:00:14,368 [DEBUG] wire:73 -  << "Content-Type: text/xml[\r][\n]"
2019-07-16 20:00:14,368 [DEBUG] wire:73 -  << "Content-Length: 498[\r][\n]"
2019-07-16 20:00:14,368 [DEBUG] wire:73 -  << "Server: PWS/8.3.1.0.8[\r][\n]"
2019-07-16 20:00:14,369 [DEBUG] wire:73 -  << "Age: 96388[\r][\n]"
2019-07-16 20:00:14,369 [DEBUG] wire:73 -  << "Via: 1.1 PSygldLON2mb11:10 (W), 1.1 PSxbymdlMAD1oz79:14 (W)[\r][\n]"
2019-07-16 20:00:14,369 [DEBUG] wire:73 -  << "X-Px: ht PSxbymdlMAD1oz79none[\r][\n]"
2019-07-16 20:00:14,370 [DEBUG] wire:73 -  << "Connection: keep-alive[\r][\n]"
2019-07-16 20:00:14,370 [DEBUG] wire:73 -  << "Cahe-Control: public,max-age=1800[\r][\n]"
2019-07-16 20:00:14,370 [DEBUG] wire:73 -  << "Cache-Control: max-age=604800[\r][\n]"
2019-07-16 20:00:14,371 [DEBUG] wire:73 -  << "[\r][\n]"
2019-07-16 20:00:14,371 [DEBUG] DefaultClientConnection:259 - Receiving response: HTTP/1.1 200 OK
2019-07-16 20:00:14,371 [DEBUG] headers:262 - << HTTP/1.1 200 OK
2019-07-16 20:00:14,371 [DEBUG] headers:265 - << Date: Mon, 15 Jul 2019 16:13:47 GMT
2019-07-16 20:00:14,372 [DEBUG] headers:265 - << x-amz-id-2: cTc/RqcvwdblEbwafcX7dHJVyTNoQ3GGd5O2VnJnruzV6UW/mzNHY3/EC8H1bFeSDQ/YSwGuNc4=
2019-07-16 20:00:14,372 [DEBUG] headers:265 - << x-amz-request-id: 153010CB874BE4CB
2019-07-16 20:00:14,372 [DEBUG] headers:265 - << x-amz-meta-cb-modifiedtime: Fri, 14 Jun 2019 11:16:26 GMT
2019-07-16 20:00:14,372 [DEBUG] headers:265 - << Last-Modified: Fri, 14 Jun 2019 12:12:01 GMT
2019-07-16 20:00:14,372 [DEBUG] headers:265 - << x-amz-version-id: IFVHJGGig3_zVSudePh3smRIuoGC73eN
2019-07-16 20:00:14,373 [DEBUG] headers:265 - << ETag: "87c573d09f1067d12859879ead3260a2"
2019-07-16 20:00:14,373 [DEBUG] headers:265 - << Content-Type: text/xml
2019-07-16 20:00:14,373 [DEBUG] headers:265 - << Content-Length: 498
2019-07-16 20:00:14,373 [DEBUG] headers:265 - << Server: PWS/8.3.1.0.8
2019-07-16 20:00:14,373 [DEBUG] headers:265 - << Age: 96388
2019-07-16 20:00:14,373 [DEBUG] headers:265 - << Via: 1.1 PSygldLON2mb11:10 (W), 1.1 PSxbymdlMAD1oz79:14 (W)
2019-07-16 20:00:14,374 [DEBUG] headers:265 - << X-Px: ht PSxbymdlMAD1oz79none
2019-07-16 20:00:14,374 [DEBUG] headers:265 - << Connection: keep-alive
2019-07-16 20:00:14,374 [DEBUG] headers:265 - << Cahe-Control: public,max-age=1800
2019-07-16 20:00:14,374 [DEBUG] headers:265 - << Cache-Control: max-age=604800
2019-07-16 20:00:14,376 [DEBUG] SNIAwareHttpClient:509 - Connection can be kept alive indefinitely
2019-07-16 20:00:14,376 [DEBUG] BasicClientConnectionManager:200 - Releasing connection org.apache.http.impl.conn.ManagedClientConnectionImpl@24c2d851
2019-07-16 20:00:14,377 [DEBUG] BasicClientConnectionManager:225 - Connection can be kept alive indefinitely
2019-07-16 20:00:14,407 [DEBUG] SingleClientConnManager:210 - Get connection for route {}->http://sw-center.st.com:80
2019-07-16 20:00:14,408 [DEBUG] DefaultClientConnectionOperator:177 - Connecting to sw-center.st.com:80
2019-07-16 20:00:14,427 [DEBUG] RequestAddCookies:123 - CookieSpec selected: default
2019-07-16 20:00:14,428 [DEBUG] RequestAuthCache:77 - Auth cache not set in the context
2019-07-16 20:00:14,428 [DEBUG] RequestTargetAuthentication:80 - Target auth state: UNCHALLENGED
2019-07-16 20:00:14,428 [DEBUG] RequestProxyAuthentication:89 - Proxy auth state: UNCHALLENGED
2019-07-16 20:00:14,428 [DEBUG] SNIAwareHttpClient:682 - Attempt 1 to execute request
2019-07-16 20:00:14,428 [DEBUG] DefaultClientConnection:274 - Sending request: GET /stm32cubeide/updatesite1/1.0.0/p2.index HTTP/1.1
2019-07-16 20:00:14,429 [DEBUG] wire:73 -  >> "GET /stm32cubeide/updatesite1/1.0.0/p2.index HTTP/1.1[\r][\n]"
2019-07-16 20:00:14,429 [DEBUG] wire:73 -  >> "Cache-Control: max-age=0[\r][\n]"
2019-07-16 20:00:14,429 [DEBUG] wire:73 -  >> "User-Agent: p2/1.2.100.v20180822-1354 (Java 1.8.0_202-b08 AdoptOpenJdk; Windows10 10.0.0 x86-64; en_US) com.st.stm32cube.ide.mcu.rcp.product/unknownBuildId (org.eclipse.ui.ide.workbench)[\r][\n]"
2019-07-16 20:00:14,430 [DEBUG] wire:73 -  >> "Host: sw-center.st.com[\r][\n]"
2019-07-16 20:00:14,430 [DEBUG] wire:73 -  >> "Connection: Keep-Alive[\r][\n]"
2019-07-16 20:00:14,430 [DEBUG] wire:73 -  >> "Accept-Encoding: gzip,deflate[\r][\n]"
2019-07-16 20:00:14,430 [DEBUG] wire:73 -  >> "[\r][\n]"
2019-07-16 20:00:14,431 [DEBUG] headers:278 - >> GET /stm32cubeide/updatesite1/1.0.0/p2.index HTTP/1.1
2019-07-16 20:00:14,431 [DEBUG] headers:281 - >> Cache-Control: max-age=0
2019-07-16 20:00:14,431 [DEBUG] headers:281 - >> User-Agent: p2/1.2.100.v20180822-1354 (Java 1.8.0_202-b08 AdoptOpenJdk; Windows10 10.0.0 x86-64; en_US) com.st.stm32cube.ide.mcu.rcp.product/unknownBuildId (org.eclipse.ui.ide.workbench)
2019-07-16 20:00:14,431 [DEBUG] headers:281 - >> Host: sw-center.st.com
2019-07-16 20:00:14,431 [DEBUG] headers:281 - >> Connection: Keep-Alive
2019-07-16 20:00:14,431 [DEBUG] headers:281 - >> Accept-Encoding: gzip,deflate
2019-07-16 20:00:14,450 [DEBUG] wire:73 -  << "HTTP/1.1 200 OK[\r][\n]"
2019-07-16 20:00:14,450 [DEBUG] wire:73 -  << "Date: Mon, 15 Jul 2019 22:27:28 GMT[\r][\n]"
2019-07-16 20:00:14,451 [DEBUG] wire:73 -  << "x-amz-id-2: YJtyE2XwAPzpjLk47G/x2EosE41OPFK2oKdHSS61yeBc6+XOSqky0jyKErtOHK1xZ/aXlAQLaLg=[\r][\n]"
2019-07-16 20:00:14,451 [DEBUG] wire:73 -  << "x-amz-request-id: BE943C2B743E85ED[\r][\n]"
2019-07-16 20:00:14,451 [DEBUG] wire:73 -  << "x-amz-meta-cb-modifiedtime: Tue, 23 Apr 2019 19:03:42 GMT[\r][\n]"
2019-07-16 20:00:14,451 [DEBUG] wire:73 -  << "Last-Modified: Fri, 26 Apr 2019 08:50:51 GMT[\r][\n]"
2019-07-16 20:00:14,452 [DEBUG] wire:73 -  << "x-amz-version-id: 6TmQxlIR0LxPneaWQbf1z__wZKmE3NY7[\r][\n]"
2019-07-16 20:00:14,452 [DEBUG] wire:73 -  << "ETag: "284632ada586aaf9826d908d33d87a49"[\r][\n]"
2019-07-16 20:00:14,452 [DEBUG] wire:73 -  << "Content-Type: application/octet-stream[\r][\n]"
2019-07-16 20:00:14,452 [DEBUG] wire:73 -  << "Content-Length: 172[\r][\n]"
2019-07-16 20:00:14,453 [DEBUG] wire:73 -  << "Server: PWS/8.3.1.0.8[\r][\n]"
2019-07-16 20:00:14,453 [DEBUG] wire:73 -  << "Age: 73967[\r][\n]"
2019-07-16 20:00:14,453 [DEBUG] wire:73 -  << "Via: 1.1 PSygldLON2mb11:7 (W), 1.1 PSxbymdlMAD1oz79:12 (W)[\r][\n]"
2019-07-16 20:00:14,454 [DEBUG] wire:73 -  << "X-Px: ht PSxbymdlMAD1oz79none[\r][\n]"
2019-07-16 20:00:14,454 [DEBUG] wire:73 -  << "Connection: keep-alive[\r][\n]"
2019-07-16 20:00:14,454 [DEBUG] wire:73 -  << "Cahe-Control: public,max-age=1800[\r][\n]"
2019-07-16 20:00:14,454 [DEBUG] wire:73 -  << "Cache-Control: max-age=604800[\r][\n]"
2019-07-16 20:00:14,455 [DEBUG] wire:73 -  << "[\r][\n]"
2019-07-16 20:00:14,455 [DEBUG] DefaultClientConnection:259 - Receiving response: HTTP/1.1 200 OK
2019-07-16 20:00:14,455 [DEBUG] headers:262 - << HTTP/1.1 200 OK
2019-07-16 20:00:14,455 [DEBUG] headers:265 - << Date: Mon, 15 Jul 2019 22:27:28 GMT
2019-07-16 20:00:14,455 [DEBUG] headers:265 - << x-amz-id-2: YJtyE2XwAPzpjLk47G/x2EosE41OPFK2oKdHSS61yeBc6+XOSqky0jyKErtOHK1xZ/aXlAQLaLg=
2019-07-16 20:00:14,456 [DEBUG] headers:265 - << x-amz-request-id: BE943C2B743E85ED
2019-07-16 20:00:14,456 [DEBUG] headers:265 - << x-amz-meta-cb-modifiedtime: Tue, 23 Apr 2019 19:03:42 GMT
2019-07-16 20:00:14,456 [DEBUG] headers:265 - << Last-Modified: Fri, 26 Apr 2019 08:50:51 GMT
2019-07-16 20:00:14,456 [DEBUG] headers:265 - << x-amz-version-id: 6TmQxlIR0LxPneaWQbf1z__wZKmE3NY7
2019-07-16 20:00:14,456 [DEBUG] headers:265 - << ETag: "284632ada586aaf9826d908d33d87a49"
2019-07-16 20:00:14,457 [DEBUG] headers:265 - << Content-Type: application/octet-stream
2019-07-16 20:00:14,457 [DEBUG] headers:265 - << Content-Length: 172
2019-07-16 20:00:14,457 [DEBUG] headers:265 - << Server: PWS/8.3.1.0.8
2019-07-16 20:00:14,457 [DEBUG] headers:265 - << Age: 73967
2019-07-16 20:00:14,457 [DEBUG] headers:265 - << Via: 1.1 PSygldLON2mb11:7 (W), 1.1 PSxbymdlMAD1oz79:12 (W)
2019-07-16 20:00:14,458 [DEBUG] headers:265 - << X-Px: ht PSxbymdlMAD1oz79none
2019-07-16 20:00:14,458 [DEBUG] headers:265 - << Connection: keep-alive
2019-07-16 20:00:14,458 [DEBUG] headers:265 - << Cahe-Control: public,max-age=1800
2019-07-16 20:00:14,458 [DEBUG] headers:265 - << Cache-Control: max-age=604800
2019-07-16 20:00:14,459 [DEBUG] SNIAwareHttpClient:509 - Connection can be kept alive indefinitely
2019-07-16 20:00:14,465 [DEBUG] wire:73 -  << "#Tue Apr 23 21:03:43 UTC 2019[\n]"
2019-07-16 20:00:14,466 [DEBUG] wire:73 -  << "version=1[\n]"
2019-07-16 20:00:14,466 [DEBUG] wire:73 -  << "metadata.repository.factory.order=content.xml.xz,content.xml,\![\n]"
2019-07-16 20:00:14,466 [DEBUG] wire:73 -  << "artifact.repository.factory.order=artifacts.xml.xz,artifacts.xml,\![\n]"
2019-07-16 20:00:14,471 [DEBUG] SingleClientConnManager:265 - Releasing connection org.apache.http.impl.conn.SingleClientConnManager$ConnAdapter@72d4e3c7
2019-07-16 20:00:14,860 [DEBUG] BasicClientConnectionManager:161 - Get connection for route {}->http://sw-center.st.com:80
2019-07-16 20:00:14,860 [DEBUG] DefaultClientConnectionOperator:177 - Connecting to sw-center.st.com:80
2019-07-16 20:00:15,074 [DEBUG] RequestAddCookies:123 - CookieSpec selected: default
2019-07-16 20:00:15,075 [DEBUG] RequestAuthCache:77 - Auth cache not set in the context
2019-07-16 20:00:15,075 [DEBUG] RequestTargetAuthentication:80 - Target auth state: UNCHALLENGED
2019-07-16 20:00:15,075 [DEBUG] RequestProxyAuthentication:89 - Proxy auth state: UNCHALLENGED
2019-07-16 20:00:15,075 [DEBUG] SNIAwareHttpClient:682 - Attempt 1 to execute request
2019-07-16 20:00:15,075 [DEBUG] DefaultClientConnection:274 - Sending request: HEAD /stm32cubeide/updatesite1/1.0.0/content.xml.xz HTTP/1.1
2019-07-16 20:00:15,076 [DEBUG] wire:73 -  >> "HEAD /stm32cubeide/updatesite1/1.0.0/content.xml.xz HTTP/1.1[\r][\n]"
2019-07-16 20:00:15,076 [DEBUG] wire:73 -  >> "Cache-Control: max-age=0[\r][\n]"
2019-07-16 20:00:15,076 [DEBUG] wire:73 -  >> "Host: sw-center.st.com[\r][\n]"
2019-07-16 20:00:15,076 [DEBUG] wire:73 -  >> "Connection: Keep-Alive[\r][\n]"
2019-07-16 20:00:15,076 [DEBUG] wire:73 -  >> "User-Agent: Apache-HttpClient/4.5.5 (Java/1.8.0_202)[\r][\n]"
2019-07-16 20:00:15,077 [DEBUG] wire:73 -  >> "[\r][\n]"
2019-07-16 20:00:15,078 [DEBUG] headers:278 - >> HEAD /stm32cubeide/updatesite1/1.0.0/content.xml.xz HTTP/1.1
2019-07-16 20:00:15,078 [DEBUG] headers:281 - >> Cache-Control: max-age=0
2019-07-16 20:00:15,078 [DEBUG] headers:281 - >> Host: sw-center.st.com
2019-07-16 20:00:15,078 [DEBUG] headers:281 - >> Connection: Keep-Alive
2019-07-16 20:00:15,078 [DEBUG] headers:281 - >> User-Agent: Apache-HttpClient/4.5.5 (Java/1.8.0_202)
2019-07-16 20:00:15,223 [DEBUG] wire:73 -  << "HTTP/1.1 200 OK[\r][\n]"
2019-07-16 20:00:15,224 [DEBUG] wire:73 -  << "Date: Mon, 15 Jul 2019 16:13:48 GMT[\r][\n]"
2019-07-16 20:00:15,224 [DEBUG] wire:73 -  << "x-amz-id-2: 6zQMQtqST60lZI+sUp8xmFBXFzgPpW5BBQ/O0CVTEz9g2eDweGf8dlN1WfjwJO911mChe2SvNp8=[\r][\n]"
2019-07-16 20:00:15,225 [DEBUG] wire:73 -  << "x-amz-request-id: 8B8C5AC070D32779[\r][\n]"
2019-07-16 20:00:15,225 [DEBUG] wire:73 -  << "x-amz-meta-cb-modifiedtime: Tue, 23 Apr 2019 19:03:42 GMT[\r][\n]"
2019-07-16 20:00:15,225 [DEBUG] wire:73 -  << "Last-Modified: Fri, 26 Apr 2019 08:50:51 GMT[\r][\n]"
2019-07-16 20:00:15,226 [DEBUG] wire:73 -  << "x-amz-version-id: 8r6hCUl1L7ffx6AGOZCxQrEmyo986kNH[\r][\n]"
2019-07-16 20:00:15,226 [DEBUG] wire:73 -  << "ETag: "0ae01ce1ffa429a5af9a7c1badadf2a8"[\r][\n]"
2019-07-16 20:00:15,226 [DEBUG] wire:73 -  << "Content-Type: application/octet-stream[\r][\n]"
2019-07-16 20:00:15,226 [DEBUG] wire:73 -  << "Content-Length: 69904[\r][\n]"
2019-07-16 20:00:15,227 [DEBUG] wire:73 -  << "Server: PWS/8.3.1.0.8[\r][\n]"
2019-07-16 20:00:15,227 [DEBUG] wire:73 -  << "Age: 96388[\r][\n]"
2019-07-16 20:00:15,227 [DEBUG] wire:73 -  << "Via: 1.1 PSygldLON2ii12:3 (W), 1.1 PSxbymdlMAD1gz75:10 (W)[\r][\n]"
2019-07-16 20:00:15,228 [DEBUG] wire:73 -  << "X-Px: ht PSxbymdlMAD1gz75none[\r][\n]"
2019-07-16 20:00:15,228 [DEBUG] wire:73 -  << "Connection: keep-alive[\r][\n]"
2019-07-16 20:00:15,228 [DEBUG] wire:73 -  << "Cahe-Control: public,max-age=1800[\r][\n]"
2019-07-16 20:00:15,229 [DEBUG] wire:73 -  << "Cache-Control: max-age=604800[\r][\n]"
2019-07-16 20:00:15,229 [DEBUG] wire:73 -  << "[\r][\n]"
2019-07-16 20:00:15,229 [DEBUG] DefaultClientConnection:259 - Receiving response: HTTP/1.1 200 OK
2019-07-16 20:00:15,230 [DEBUG] headers:262 - << HTTP/1.1 200 OK
2019-07-16 20:00:15,230 [DEBUG] headers:265 - << Date: Mon, 15 Jul 2019 16:13:48 GMT
2019-07-16 20:00:15,230 [DEBUG] headers:265 - << x-amz-id-2: 6zQMQtqST60lZI+sUp8xmFBXFzgPpW5BBQ/O0CVTEz9g2eDweGf8dlN1WfjwJO911mChe2SvNp8=
2019-07-16 20:00:15,230 [DEBUG] headers:265 - << x-amz-request-id: 8B8C5AC070D32779
2019-07-16 20:00:15,230 [DEBUG] headers:265 - << x-amz-meta-cb-modifiedtime: Tue, 23 Apr 2019 19:03:42 GMT
2019-07-16 20:00:15,231 [DEBUG] headers:265 - << Last-Modified: Fri, 26 Apr 2019 08:50:51 GMT
2019-07-16 20:00:15,231 [DEBUG] headers:265 - << x-amz-version-id: 8r6hCUl1L7ffx6AGOZCxQrEmyo986kNH
2019-07-16 20:00:15,231 [DEBUG] headers:265 - << ETag: "0ae01ce1ffa429a5af9a7c1badadf2a8"
2019-07-16 20:00:15,231 [DEBUG] headers:265 - << Content-Type: application/octet-stream
2019-07-16 20:00:15,231 [DEBUG] headers:265 - << Content-Length: 69904
2019-07-16 20:00:15,232 [DEBUG] headers:265 - << Server: PWS/8.3.1.0.8
2019-07-16 20:00:15,232 [DEBUG] headers:265 - << Age: 96388
2019-07-16 20:00:15,232 [DEBUG] headers:265 - << Via: 1.1 PSygldLON2ii12:3 (W), 1.1 PSxbymdlMAD1gz75:10 (W)
2019-07-16 20:00:15,232 [DEBUG] headers:265 - << X-Px: ht PSxbymdlMAD1gz75none
2019-07-16 20:00:15,232 [DEBUG] headers:265 - << Connection: keep-alive
2019-07-16 20:00:15,232 [DEBUG] headers:265 - << Cahe-Control: public,max-age=1800
2019-07-16 20:00:15,233 [DEBUG] headers:265 - << Cache-Control: max-age=604800
2019-07-16 20:00:15,233 [DEBUG] SNIAwareHttpClient:509 - Connection can be kept alive indefinitely
2019-07-16 20:00:15,233 [DEBUG] BasicClientConnectionManager:200 - Releasing connection org.apache.http.impl.conn.ManagedClientConnectionImpl@7c18baf3
2019-07-16 20:00:15,233 [DEBUG] BasicClientConnectionManager:225 - Connection can be kept alive indefinitely
2019-07-16 20:00:15,653 [DEBUG] SingleClientConnManager:210 - Get connection for route {}->http://sw-center.st.com:80
2019-07-16 20:00:15,653 [DEBUG] DefaultClientConnectionOperator:177 - Connecting to sw-center.st.com:80
2019-07-16 20:00:15,669 [DEBUG] RequestAddCookies:123 - CookieSpec selected: default
2019-07-16 20:00:15,670 [DEBUG] RequestAuthCache:77 - Auth cache not set in the context
2019-07-16 20:00:15,670 [DEBUG] RequestTargetAuthentication:80 - Target auth state: UNCHALLENGED
2019-07-16 20:00:15,670 [DEBUG] RequestProxyAuthentication:89 - Proxy auth state: UNCHALLENGED
2019-07-16 20:00:15,671 [DEBUG] SNIAwareHttpClient:682 - Attempt 1 to execute request
2019-07-16 20:00:15,671 [DEBUG] DefaultClientConnection:274 - Sending request: GET /stm32cubeide/updatesite1/1.0.1/p2.index HTTP/1.1
2019-07-16 20:00:15,671 [DEBUG] wire:73 -  >> "GET /stm32cubeide/updatesite1/1.0.1/p2.index HTTP/1.1[\r][\n]"
2019-07-16 20:00:15,671 [DEBUG] wire:73 -  >> "Cache-Control: max-age=0[\r][\n]"
2019-07-16 20:00:15,672 [DEBUG] wire:73 -  >> "User-Agent: p2/1.2.100.v20180822-1354 (Java 1.8.0_202-b08 AdoptOpenJdk; Windows10 10.0.0 x86-64; en_US) com.st.stm32cube.ide.mcu.rcp.product/unknownBuildId (org.eclipse.ui.ide.workbench)[\r][\n]"
2019-07-16 20:00:15,672 [DEBUG] wire:73 -  >> "Host: sw-center.st.com[\r][\n]"
2019-07-16 20:00:15,672 [DEBUG] wire:73 -  >> "Connection: Keep-Alive[\r][\n]"
2019-07-16 20:00:15,673 [DEBUG] wire:73 -  >> "Accept-Encoding: gzip,deflate[\r][\n]"
2019-07-16 20:00:15,673 [DEBUG] wire:73 -  >> "[\r][\n]"
2019-07-16 20:00:15,673 [DEBUG] headers:278 - >> GET /stm32cubeide/updatesite1/1.0.1/p2.index HTTP/1.1
2019-07-16 20:00:15,673 [DEBUG] headers:281 - >> Cache-Control: max-age=0
2019-07-16 20:00:15,674 [DEBUG] headers:281 - >> User-Agent: p2/1.2.100.v20180822-1354 (Java 1.8.0_202-b08 AdoptOpenJdk; Windows10 10.0.0 x86-64; en_US) com.st.stm32cube.ide.mcu.rcp.product/unknownBuildId (org.eclipse.ui.ide.workbench)
2019-07-16 20:00:15,674 [DEBUG] headers:281 - >> Host: sw-center.st.com
2019-07-16 20:00:15,674 [DEBUG] headers:281 - >> Connection: Keep-Alive
2019-07-16 20:00:15,674 [DEBUG] headers:281 - >> Accept-Encoding: gzip,deflate
2019-07-16 20:00:15,691 [DEBUG] wire:73 -  << "HTTP/1.1 200 OK[\r][\n]"
2019-07-16 20:00:15,691 [DEBUG] wire:73 -  << "Date: Mon, 15 Jul 2019 22:27:29 GMT[\r][\n]"
2019-07-16 20:00:15,691 [DEBUG] wire:73 -  << "x-amz-id-2: PF9tvErGs5hUJVvlK4xWhFU+fR4YLQqTZskR2KZZ17RPkBJ45Nn0hk9CLc0hm5+6zOKw9OmljI8=[\r][\n]"
2019-07-16 20:00:15,692 [DEBUG] wire:73 -  << "x-amz-request-id: 3F9C9DA6EA1BB842[\r][\n]"
2019-07-16 20:00:15,692 [DEBUG] wire:73 -  << "x-amz-meta-cb-modifiedtime: Wed, 12 Jun 2019 11:42:12 GMT[\r][\n]"
2019-07-16 20:00:15,692 [DEBUG] wire:73 -  << "Last-Modified: Fri, 14 Jun 2019 06:08:03 GMT[\r][\n]"
2019-07-16 20:00:15,693 [DEBUG] wire:73 -  << "x-amz-version-id: PuRwVQDlxg5GOGJg3cfXajjznmW0R_mg[\r][\n]"
2019-07-16 20:00:15,693 [DEBUG] wire:73 -  << "ETag: "d55740e226686469d0931c7c6dafb4c3"[\r][\n]"
2019-07-16 20:00:15,694 [DEBUG] wire:73 -  << "Content-Type: application/octet-stream[\r][\n]"
2019-07-16 20:00:15,694 [DEBUG] wire:73 -  << "Content-Length: 172[\r][\n]"
2019-07-16 20:00:15,694 [DEBUG] wire:73 -  << "Server: PWS/8.3.1.0.8[\r][\n]"
2019-07-16 20:00:15,694 [DEBUG] wire:73 -  << "Age: 73967[\r][\n]"
2019-07-16 20:00:15,695 [DEBUG] wire:73 -  << "Via: 1.1 PSygldLON2ii12:2 (W), 1.1 PSxbymdlMAD1gz75:11 (W)[\r][\n]"
2019-07-16 20:00:15,695 [DEBUG] wire:73 -  << "X-Px: ht PSxbymdlMAD1gz75none[\r][\n]"
2019-07-16 20:00:15,695 [DEBUG] wire:73 -  << "Connection: keep-alive[\r][\n]"
2019-07-16 20:00:15,696 [DEBUG] wire:73 -  << "Cahe-Control: public,max-age=1800[\r][\n]"
2019-07-16 20:00:15,696 [DEBUG] wire:73 -  << "Cache-Control: max-age=604800[\r][\n]"
2019-07-16 20:00:15,696 [DEBUG] wire:73 -  << "[\r][\n]"
2019-07-16 20:00:15,696 [DEBUG] DefaultClientConnection:259 - Receiving response: HTTP/1.1 200 OK
2019-07-16 20:00:15,696 [DEBUG] headers:262 - << HTTP/1.1 200 OK
2019-07-16 20:00:15,697 [DEBUG] headers:265 - << Date: Mon, 15 Jul 2019 22:27:29 GMT
2019-07-16 20:00:15,697 [DEBUG] headers:265 - << x-amz-id-2: PF9tvErGs5hUJVvlK4xWhFU+fR4YLQqTZskR2KZZ17RPkBJ45Nn0hk9CLc0hm5+6zOKw9OmljI8=
2019-07-16 20:00:15,697 [DEBUG] headers:265 - << x-amz-request-id: 3F9C9DA6EA1BB842
2019-07-16 20:00:15,697 [DEBUG] headers:265 - << x-amz-meta-cb-modifiedtime: Wed, 12 Jun 2019 11:42:12 GMT
2019-07-16 20:00:15,697 [DEBUG] headers:265 - << Last-Modified: Fri, 14 Jun 2019 06:08:03 GMT
2019-07-16 20:00:15,697 [DEBUG] headers:265 - << x-amz-version-id: PuRwVQDlxg5GOGJg3cfXajjznmW0R_mg
2019-07-16 20:00:15,698 [DEBUG] headers:265 - << ETag: "d55740e226686469d0931c7c6dafb4c3"
2019-07-16 20:00:15,698 [DEBUG] headers:265 - << Content-Type: application/octet-stream
2019-07-16 20:00:15,698 [DEBUG] headers:265 - << Content-Length: 172
2019-07-16 20:00:15,698 [DEBUG] headers:265 - << Server: PWS/8.3.1.0.8
2019-07-16 20:00:15,698 [DEBUG] headers:265 - << Age: 73967
2019-07-16 20:00:15,698 [DEBUG] headers:265 - << Via: 1.1 PSygldLON2ii12:2 (W), 1.1 PSxbymdlMAD1gz75:11 (W)
2019-07-16 20:00:15,699 [DEBUG] headers:265 - << X-Px: ht PSxbymdlMAD1gz75none
2019-07-16 20:00:15,699 [DEBUG] headers:265 - << Connection: keep-alive
2019-07-16 20:00:15,699 [DEBUG] headers:265 - << Cahe-Control: public,max-age=1800
2019-07-16 20:00:15,699 [DEBUG] headers:265 - << Cache-Control: max-age=604800
2019-07-16 20:00:15,699 [DEBUG] SNIAwareHttpClient:509 - Connection can be kept alive indefinitely
2019-07-16 20:00:15,701 [DEBUG] wire:73 -  << "#Wed Jun 12 13:42:13 UTC 2019[\n]"
2019-07-16 20:00:15,701 [DEBUG] wire:73 -  << "version=1[\n]"
2019-07-16 20:00:15,702 [DEBUG] wire:73 -  << "metadata.repository.factory.order=content.xml.xz,content.xml,\![\n]"
2019-07-16 20:00:15,702 [DEBUG] wire:73 -  << "artifact.repository.factory.order=artifacts.xml.xz,artifacts.xml,\![\n]"
2019-07-16 20:00:15,703 [DEBUG] SingleClientConnManager:265 - Releasing connection org.apache.http.impl.conn.SingleClientConnManager$ConnAdapter@ebef02f
2019-07-16 20:00:15,839 [DEBUG] BasicClientConnectionManager:161 - Get connection for route {}->http://sw-center.st.com:80
2019-07-16 20:00:15,839 [DEBUG] DefaultClientConnectionOperator:177 - Connecting to sw-center.st.com:80
2019-07-16 20:00:15,854 [DEBUG] RequestAddCookies:123 - CookieSpec selected: default
2019-07-16 20:00:15,855 [DEBUG] RequestAuthCache:77 - Auth cache not set in the context
2019-07-16 20:00:15,855 [DEBUG] RequestTargetAuthentication:80 - Target auth state: UNCHALLENGED
2019-07-16 20:00:15,855 [DEBUG] RequestProxyAuthentication:89 - Proxy auth state: UNCHALLENGED
2019-07-16 20:00:15,856 [DEBUG] SNIAwareHttpClient:682 - Attempt 1 to execute request
2019-07-16 20:00:15,856 [DEBUG] DefaultClientConnection:274 - Sending request: HEAD /stm32cubeide/updatesite1/1.0.1/content.xml.xz HTTP/1.1
2019-07-16 20:00:15,857 [DEBUG] wire:73 -  >> "HEAD /stm32cubeide/updatesite1/1.0.1/content.xml.xz HTTP/1.1[\r][\n]"
2019-07-16 20:00:15,857 [DEBUG] wire:73 -  >> "Cache-Control: max-age=0[\r][\n]"
2019-07-16 20:00:15,857 [DEBUG] wire:73 -  >> "Host: sw-center.st.com[\r][\n]"
2019-07-16 20:00:15,857 [DEBUG] wire:73 -  >> "Connection: Keep-Alive[\r][\n]"
2019-07-16 20:00:15,858 [DEBUG] wire:73 -  >> "User-Agent: Apache-HttpClient/4.5.5 (Java/1.8.0_202)[\r][\n]"
2019-07-16 20:00:15,858 [DEBUG] wire:73 -  >> "[\r][\n]"
2019-07-16 20:00:15,858 [DEBUG] headers:278 - >> HEAD /stm32cubeide/updatesite1/1.0.1/content.xml.xz HTTP/1.1
2019-07-16 20:00:15,858 [DEBUG] headers:281 - >> Cache-Control: max-age=0
2019-07-16 20:00:15,858 [DEBUG] headers:281 - >> Host: sw-center.st.com
2019-07-16 20:00:15,858 [DEBUG] headers:281 - >> Connection: Keep-Alive
2019-07-16 20:00:15,859 [DEBUG] headers:281 - >> User-Agent: Apache-HttpClient/4.5.5 (Java/1.8.0_202)
2019-07-16 20:00:15,878 [DEBUG] wire:73 -  << "HTTP/1.1 200 OK[\r][\n]"
2019-07-16 20:00:15,879 [DEBUG] wire:73 -  << "Date: Mon, 15 Jul 2019 16:13:49 GMT[\r][\n]"
2019-07-16 20:00:15,879 [DEBUG] wire:73 -  << "x-amz-id-2: x6eBZjO/+NylbYKtiu8zWil/mtEGKQJ9UmfUNRqeU5JysAe43FLHveu3xbQMraF0aQMwrsEjY0w=[\r][\n]"
2019-07-16 20:00:15,879 [DEBUG] wire:73 -  << "x-amz-request-id: E9FAAD7E2E4B1831[\r][\n]"
2019-07-16 20:00:15,879 [DEBUG] wire:73 -  << "x-amz-meta-cb-modifiedtime: Wed, 12 Jun 2019 11:42:12 GMT[\r][\n]"
2019-07-16 20:00:15,880 [DEBUG] wire:73 -  << "Last-Modified: Fri, 14 Jun 2019 06:08:04 GMT[\r][\n]"
2019-07-16 20:00:15,880 [DEBUG] wire:73 -  << "x-amz-version-id: 60rij0C2lroWPqfwbn38yxLOsqNbdiTV[\r][\n]"
2019-07-16 20:00:15,880 [DEBUG] wire:73 -  << "ETag: "a53b029163f6a1e5461da8b6a9e46f0f"[\r][\n]"
2019-07-16 20:00:15,880 [DEBUG] wire:73 -  << "Content-Type: application/octet-stream[\r][\n]"
2019-07-16 20:00:15,880 [DEBUG] wire:73 -  << "Content-Length: 69968[\r][\n]"
2019-07-16 20:00:15,881 [DEBUG] wire:73 -  << "Server: PWS/8.3.1.0.8[\r][\n]"
2019-07-16 20:00:15,881 [DEBUG] wire:73 -  << "Age: 96387[\r][\n]"
2019-07-16 20:00:15,881 [DEBUG] wire:73 -  << "Via: 1.1 PSygldLON2mb11:0 (W), 1.1 PSxbymdlMAD1vp71:14 (W)[\r][\n]"
2019-07-16 20:00:15,881 [DEBUG] wire:73 -  << "X-Px: ht PSxbymdlMAD1vp71none[\r][\n]"
2019-07-16 20:00:15,882 [DEBUG] wire:73 -  << "Connection: keep-alive[\r][\n]"
2019-07-16 20:00:15,882 [DEBUG] wire:73 -  << "Cahe-Control: public,max-age=1800[\r][\n]"
2019-07-16 20:00:15,882 [DEBUG] wire:73 -  << "Cache-Control: max-age=604800[\r][\n]"
2019-07-16 20:00:15,882 [DEBUG] wire:73 -  << "[\r][\n]"
2019-07-16 20:00:15,883 [DEBUG] DefaultClientConnection:259 - Receiving response: HTTP/1.1 200 OK
2019-07-16 20:00:15,883 [DEBUG] headers:262 - << HTTP/1.1 200 OK
2019-07-16 20:00:15,883 [DEBUG] headers:265 - << Date: Mon, 15 Jul 2019 16:13:49 GMT
2019-07-16 20:00:15,883 [DEBUG] headers:265 - << x-amz-id-2: x6eBZjO/+NylbYKtiu8zWil/mtEGKQJ9UmfUNRqeU5JysAe43FLHveu3xbQMraF0aQMwrsEjY0w=
2019-07-16 20:00:15,884 [DEBUG] headers:265 - << x-amz-request-id: E9FAAD7E2E4B1831
2019-07-16 20:00:15,884 [DEBUG] headers:265 - << x-amz-meta-cb-modifiedtime: Wed, 12 Jun 2019 11:42:12 GMT
2019-07-16 20:00:15,884 [DEBUG] headers:265 - << Last-Modified: Fri, 14 Jun 2019 06:08:04 GMT
2019-07-16 20:00:15,884 [DEBUG] headers:265 - << x-amz-version-id: 60rij0C2lroWPqfwbn38yxLOsqNbdiTV
2019-07-16 20:00:15,884 [DEBUG] headers:265 - << ETag: "a53b029163f6a1e5461da8b6a9e46f0f"
2019-07-16 20:00:15,884 [DEBUG] headers:265 - << Content-Type: application/octet-stream
2019-07-16 20:00:15,885 [DEBUG] headers:265 - << Content-Length: 69968
2019-07-16 20:00:15,885 [DEBUG] headers:265 - << Server: PWS/8.3.1.0.8
2019-07-16 20:00:15,885 [DEBUG] headers:265 - << Age: 96387
2019-07-16 20:00:15,885 [DEBUG] headers:265 - << Via: 1.1 PSygldLON2mb11:0 (W), 1.1 PSxbymdlMAD1vp71:14 (W)
2019-07-16 20:00:15,885 [DEBUG] headers:265 - << X-Px: ht PSxbymdlMAD1vp71none
2019-07-16 20:00:15,885 [DEBUG] headers:265 - << Connection: keep-alive
2019-07-16 20:00:15,885 [DEBUG] headers:265 - << Cahe-Control: public,max-age=1800
2019-07-16 20:00:15,886 [DEBUG] headers:265 - << Cache-Control: max-age=604800
2019-07-16 20:00:15,886 [DEBUG] SNIAwareHttpClient:509 - Connection can be kept alive indefinitely
2019-07-16 20:00:15,886 [DEBUG] BasicClientConnectionManager:200 - Releasing connection org.apache.http.impl.conn.ManagedClientConnectionImpl@5d42c76a
2019-07-16 20:00:15,886 [DEBUG] BasicClientConnectionManager:225 - Connection can be kept alive indefinitely
2019-07-16 20:00:15,966 [DEBUG] DefaultClientConnection:180 - Connection 0.0.0.0:63233<->163.171.135.102:80 closed
2019-07-16 20:00:15,967 [DEBUG] DefaultClientConnection:164 - Connection 0.0.0.0:63234<->163.171.135.102:80 shut down
2019-07-16 20:00:15,967 [DEBUG] DefaultClientConnection:180 - Connection 0.0.0.0:63235<->163.171.135.102:80 closed
2019-07-16 20:00:15,968 [DEBUG] DefaultClientConnection:164 - Connection 0.0.0.0:63236<->163.171.135.102:80 shut down
2019-07-16 20:00:16,485 [DEBUG] DefaultClientConnection:180 - Connection 0.0.0.0:63237<->163.171.135.102:80 closed
2019-07-16 20:00:16,631 [DEBUG] SingleClientConnManager:210 - Get connection for route {s}->https://download.eclipse.org:443
2019-07-16 20:00:16,644 [DEBUG] DefaultClientConnectionOperator:177 - Connecting to download.eclipse.org:443
2019-07-16 20:00:16,826 [DEBUG] RequestAddCookies:123 - CookieSpec selected: default
2019-07-16 20:00:16,827 [DEBUG] RequestAuthCache:77 - Auth cache not set in the context
2019-07-16 20:00:16,827 [DEBUG] RequestTargetAuthentication:80 - Target auth state: UNCHALLENGED
2019-07-16 20:00:16,827 [DEBUG] RequestProxyAuthentication:89 - Proxy auth state: UNCHALLENGED
2019-07-16 20:00:16,827 [DEBUG] SNIAwareHttpClient:682 - Attempt 1 to execute request
2019-07-16 20:00:16,828 [DEBUG] DefaultClientConnection:274 - Sending request: GET /releases/2019-03/p2.index HTTP/1.1
2019-07-16 20:00:16,828 [DEBUG] wire:73 -  >> "GET /releases/2019-03/p2.index HTTP/1.1[\r][\n]"
2019-07-16 20:00:16,828 [DEBUG] wire:73 -  >> "Cache-Control: max-age=0[\r][\n]"
2019-07-16 20:00:16,828 [DEBUG] wire:73 -  >> "User-Agent: p2/1.2.100.v20180822-1354 (Java 1.8.0_202-b08 AdoptOpenJdk; Windows10 10.0.0 x86-64; en_US) com.st.stm32cube.ide.mcu.rcp.product/unknownBuildId (org.eclipse.ui.ide.workbench)[\r][\n]"
2019-07-16 20:00:16,829 [DEBUG] wire:73 -  >> "Host: download.eclipse.org[\r][\n]"
2019-07-16 20:00:16,829 [DEBUG] wire:73 -  >> "Connection: Keep-Alive[\r][\n]"
2019-07-16 20:00:16,829 [DEBUG] wire:73 -  >> "Accept-Encoding: gzip,deflate[\r][\n]"
2019-07-16 20:00:16,829 [DEBUG] wire:73 -  >> "[\r][\n]"
2019-07-16 20:00:16,829 [DEBUG] headers:278 - >> GET /releases/2019-03/p2.index HTTP/1.1
2019-07-16 20:00:16,830 [DEBUG] headers:281 - >> Cache-Control: max-age=0
2019-07-16 20:00:16,830 [DEBUG] headers:281 - >> User-Agent: p2/1.2.100.v20180822-1354 (Java 1.8.0_202-b08 AdoptOpenJdk; Windows10 10.0.0 x86-64; en_US) com.st.stm32cube.ide.mcu.rcp.product/unknownBuildId (org.eclipse.ui.ide.workbench)
2019-07-16 20:00:16,830 [DEBUG] headers:281 - >> Host: download.eclipse.org
2019-07-16 20:00:16,830 [DEBUG] headers:281 - >> Connection: Keep-Alive
2019-07-16 20:00:16,830 [DEBUG] headers:281 - >> Accept-Encoding: gzip,deflate
2019-07-16 20:00:17,375 [DEBUG] wire:73 -  << "HTTP/1.1 200 OK[\r][\n]"
2019-07-16 20:00:17,376 [DEBUG] wire:73 -  << "Server: nginx[\r][\n]"
2019-07-16 20:00:17,376 [DEBUG] wire:73 -  << "Date: Tue, 16 Jul 2019 19:00:05 GMT[\r][\n]"
2019-07-16 20:00:17,376 [DEBUG] wire:73 -  << "Content-Type: text/plain[\r][\n]"
2019-07-16 20:00:17,376 [DEBUG] wire:73 -  << "Transfer-Encoding: chunked[\r][\n]"
2019-07-16 20:00:17,377 [DEBUG] wire:73 -  << "Connection: keep-alive[\r][\n]"
2019-07-16 20:00:17,377 [DEBUG] wire:73 -  << "Vary: Accept-Encoding[\r][\n]"
2019-07-16 20:00:17,377 [DEBUG] wire:73 -  << "Last-Modified: Wed, 19 Dec 2018 15:24:41 GMT[\r][\n]"
2019-07-16 20:00:17,377 [DEBUG] wire:73 -  << "ETag: W/"7a-57d619ceaff8e"[\r][\n]"
2019-07-16 20:00:17,377 [DEBUG] wire:73 -  << "X-NodeID: download2[\r][\n]"
2019-07-16 20:00:17,377 [DEBUG] wire:73 -  << "Strict-Transport-Security: max-age=15552000; includeSubDomains; preload[\r][\n]"
2019-07-16 20:00:17,377 [DEBUG] wire:73 -  << "X-Frame-Options: SAMEORIGIN[\r][\n]"
2019-07-16 20:00:17,377 [DEBUG] wire:73 -  << "X-Content-Type-Options: nosniff[\r][\n]"
2019-07-16 20:00:17,378 [DEBUG] wire:73 -  << "X-XSS-Protection: 1; mode=block[\r][\n]"
2019-07-16 20:00:17,378 [DEBUG] wire:73 -  << "X-Proxy-Cache: HIT[\r][\n]"
2019-07-16 20:00:17,378 [DEBUG] wire:73 -  << "Content-Encoding: gzip[\r][\n]"
2019-07-16 20:00:17,378 [DEBUG] wire:73 -  << "[\r][\n]"
2019-07-16 20:00:17,378 [DEBUG] DefaultClientConnection:259 - Receiving response: HTTP/1.1 200 OK
2019-07-16 20:00:17,378 [DEBUG] headers:262 - << HTTP/1.1 200 OK
2019-07-16 20:00:17,379 [DEBUG] headers:265 - << Server: nginx
2019-07-16 20:00:17,379 [DEBUG] headers:265 - << Date: Tue, 16 Jul 2019 19:00:05 GMT
2019-07-16 20:00:17,379 [DEBUG] headers:265 - << Content-Type: text/plain
2019-07-16 20:00:17,379 [DEBUG] headers:265 - << Transfer-Encoding: chunked
2019-07-16 20:00:17,379 [DEBUG] headers:265 - << Connection: keep-alive
2019-07-16 20:00:17,379 [DEBUG] headers:265 - << Vary: Accept-Encoding
2019-07-16 20:00:17,379 [DEBUG] headers:265 - << Last-Modified: Wed, 19 Dec 2018 15:24:41 GMT
2019-07-16 20:00:17,379 [DEBUG] headers:265 - << ETag: W/"7a-57d619ceaff8e"
2019-07-16 20:00:17,380 [DEBUG] headers:265 - << X-NodeID: download2
2019-07-16 20:00:17,380 [DEBUG] headers:265 - << Strict-Transport-Security: max-age=15552000; includeSubDomains; preload
2019-07-16 20:00:17,380 [DEBUG] headers:265 - << X-Frame-Options: SAMEORIGIN
2019-07-16 20:00:17,380 [DEBUG] headers:265 - << X-Content-Type-Options: nosniff
2019-07-16 20:00:17,380 [DEBUG] headers:265 - << X-XSS-Protection: 1; mode=block
2019-07-16 20:00:17,380 [DEBUG] headers:265 - << X-Proxy-Cache: HIT
2019-07-16 20:00:17,380 [DEBUG] headers:265 - << Content-Encoding: gzip
2019-07-16 20:00:17,383 [DEBUG] SNIAwareHttpClient:509 - Connection can be kept alive indefinitely
2019-07-16 20:00:17,384 [DEBUG] wire:73 -  << "5d[\r][\n]"
2019-07-16 20:00:17,385 [DEBUG] wire:87 -  << "[0x1f]"
2019-07-16 20:00:17,385 [DEBUG] wire:87 -  << "[0x8b]"
2019-07-16 20:00:17,385 [DEBUG] wire:87 -  << "[0x8]"
2019-07-16 20:00:17,385 [DEBUG] wire:87 -  << "[0x0]"
2019-07-16 20:00:17,386 [DEBUG] wire:87 -  << "[0x0][0x0][0x0][0x0][0x0][0x3]"
2019-07-16 20:00:17,386 [DEBUG] wire:87 -  << "+K-*[0xce][0xcc][0xcf][0xb3]5[0xe4][0xca]M-ILI,I[0xd4]+J-[0xc8]/[0xce],[0xc9]/[0xaa][0xd4]KKL[0x6][0xd3][0xf9]E)[0xa9]E[0xb6][0xc9][0xf9][0xb9]`[0x99]T[0xe7][0xfc][0xbc][0x92][0xd4][0xbc][0x12][0xbd][0x8a][0xdc][0x1c][0xae][0xc4][0xa2][0x92]L[0x90]2"[0xb4]9B[0x95][0x16][0x83]5[0x2][0x0]{[0xc4][0xca]iz[0x0][0x0][0x0]"
2019-07-16 20:00:17,387 [DEBUG] wire:73 -  << "[\r][\n]"
2019-07-16 20:00:17,387 [DEBUG] wire:73 -  << "0[\r][\n]"
2019-07-16 20:00:17,387 [DEBUG] wire:73 -  << "[\r][\n]"
2019-07-16 20:00:17,387 [DEBUG] SingleClientConnManager:265 - Releasing connection org.apache.http.impl.conn.SingleClientConnManager$ConnAdapter@652b7799
2019-07-16 20:00:17,491 [DEBUG] BasicClientConnectionManager:161 - Get connection for route {s}->https://download.eclipse.org:443
2019-07-16 20:00:17,492 [DEBUG] DefaultClientConnectionOperator:177 - Connecting to download.eclipse.org:443
2019-07-16 20:00:18,127 [DEBUG] RequestAddCookies:123 - CookieSpec selected: default
2019-07-16 20:00:18,127 [DEBUG] RequestAuthCache:77 - Auth cache not set in the context
2019-07-16 20:00:18,128 [DEBUG] RequestTargetAuthentication:80 - Target auth state: UNCHALLENGED
2019-07-16 20:00:18,128 [DEBUG] RequestProxyAuthentication:89 - Proxy auth state: UNCHALLENGED
2019-07-16 20:00:18,128 [DEBUG] SNIAwareHttpClient:682 - Attempt 1 to execute request
2019-07-16 20:00:18,128 [DEBUG] DefaultClientConnection:274 - Sending request: HEAD /releases/2019-03/compositeContent.jar HTTP/1.1
2019-07-16 20:00:18,129 [DEBUG] wire:73 -  >> "HEAD /releases/2019-03/compositeContent.jar HTTP/1.1[\r][\n]"
2019-07-16 20:00:18,129 [DEBUG] wire:73 -  >> "Cache-Control: max-age=0[\r][\n]"
2019-07-16 20:00:18,129 [DEBUG] wire:73 -  >> "Host: download.eclipse.org[\r][\n]"
2019-07-16 20:00:18,129 [DEBUG] wire:73 -  >> "Connection: Keep-Alive[\r][\n]"
2019-07-16 20:00:18,129 [DEBUG] wire:73 -  >> "User-Agent: Apache-HttpClient/4.5.5 (Java/1.8.0_202)[\r][\n]"
2019-07-16 20:00:18,130 [DEBUG] wire:73 -  >> "[\r][\n]"
2019-07-16 20:00:18,130 [DEBUG] headers:278 - >> HEAD /releases/2019-03/compositeContent.jar HTTP/1.1
2019-07-16 20:00:18,130 [DEBUG] headers:281 - >> Cache-Control: max-age=0
2019-07-16 20:00:18,130 [DEBUG] headers:281 - >> Host: download.eclipse.org
2019-07-16 20:00:18,130 [DEBUG] headers:281 - >> Connection: Keep-Alive
2019-07-16 20:00:18,130 [DEBUG] headers:281 - >> User-Agent: Apache-HttpClient/4.5.5 (Java/1.8.0_202)
2019-07-16 20:00:18,271 [DEBUG] wire:73 -  << "HTTP/1.1 200 OK[\r][\n]"
2019-07-16 20:00:18,271 [DEBUG] wire:73 -  << "Server: nginx[\r][\n]"
2019-07-16 20:00:18,272 [DEBUG] wire:73 -  << "Date: Tue, 16 Jul 2019 19:00:06 GMT[\r][\n]"
2019-07-16 20:00:18,272 [DEBUG] wire:73 -  << "Content-Type: application/x-java-archive[\r][\n]"
2019-07-16 20:00:18,272 [DEBUG] wire:73 -  << "Content-Length: 491[\r][\n]"
2019-07-16 20:00:18,272 [DEBUG] wire:73 -  << "Connection: keep-alive[\r][\n]"
2019-07-16 20:00:18,272 [DEBUG] wire:73 -  << "Last-Modified: Wed, 20 Mar 2019 13:30:05 GMT[\r][\n]"
2019-07-16 20:00:18,272 [DEBUG] wire:73 -  << "ETag: "1eb-584869ea1932a"[\r][\n]"
2019-07-16 20:00:18,272 [DEBUG] wire:73 -  << "X-NodeID: download1[\r][\n]"
2019-07-16 20:00:18,273 [DEBUG] wire:73 -  << "Strict-Transport-Security: max-age=15552000; includeSubDomains; preload[\r][\n]"
2019-07-16 20:00:18,273 [DEBUG] wire:73 -  << "X-Frame-Options: SAMEORIGIN[\r][\n]"
2019-07-16 20:00:18,273 [DEBUG] wire:73 -  << "X-Content-Type-Options: nosniff[\r][\n]"
2019-07-16 20:00:18,273 [DEBUG] wire:73 -  << "X-XSS-Protection: 1; mode=block[\r][\n]"
2019-07-16 20:00:18,273 [DEBUG] wire:73 -  << "X-Proxy-Cache: HIT[\r][\n]"
2019-07-16 20:00:18,273 [DEBUG] wire:73 -  << "Accept-Ranges: bytes[\r][\n]"
2019-07-16 20:00:18,274 [DEBUG] wire:73 -  << "[\r][\n]"
2019-07-16 20:00:18,274 [DEBUG] DefaultClientConnection:259 - Receiving response: HTTP/1.1 200 OK
2019-07-16 20:00:18,274 [DEBUG] headers:262 - << HTTP/1.1 200 OK
2019-07-16 20:00:18,274 [DEBUG] headers:265 - << Server: nginx
2019-07-16 20:00:18,274 [DEBUG] headers:265 - << Date: Tue, 16 Jul 2019 19:00:06 GMT
2019-07-16 20:00:18,274 [DEBUG] headers:265 - << Content-Type: application/x-java-archive
2019-07-16 20:00:18,274 [DEBUG] headers:265 - << Content-Length: 491
2019-07-16 20:00:18,274 [DEBUG] headers:265 - << Connection: keep-alive
2019-07-16 20:00:18,275 [DEBUG] headers:265 - << Last-Modified: Wed, 20 Mar 2019 13:30:05 GMT
2019-07-16 20:00:18,275 [DEBUG] headers:265 - << ETag: "1eb-584869ea1932a"
2019-07-16 20:00:18,275 [DEBUG] headers:265 - << X-NodeID: download1
2019-07-16 20:00:18,275 [DEBUG] headers:265 - << Strict-Transport-Security: max-age=15552000; includeSubDomains; preload
2019-07-16 20:00:18,275 [DEBUG] headers:265 - << X-Frame-Options: SAMEORIGIN
2019-07-16 20:00:18,275 [DEBUG] headers:265 - << X-Content-Type-Options: nosniff
2019-07-16 20:00:18,275 [DEBUG] headers:265 - << X-XSS-Protection: 1; mode=block
2019-07-16 20:00:18,275 [DEBUG] headers:265 - << X-Proxy-Cache: HIT
2019-07-16 20:00:18,276 [DEBUG] headers:265 - << Accept-Ranges: bytes
2019-07-16 20:00:18,276 [DEBUG] SNIAwareHttpClient:509 - Connection can be kept alive indefinitely
2019-07-16 20:00:18,276 [DEBUG] BasicClientConnectionManager:200 - Releasing connection org.apache.http.impl.conn.ManagedClientConnectionImpl@46cb16f5
2019-07-16 20:00:18,276 [DEBUG] BasicClientConnectionManager:225 - Connection can be kept alive indefinitely
2019-07-16 20:00:18,293 [DEBUG] SingleClientConnManager:210 - Get connection for route {s}->https://download.eclipse.org:443
2019-07-16 20:00:18,294 [DEBUG] DefaultClientConnectionOperator:177 - Connecting to download.eclipse.org:443
2019-07-16 20:00:18,433 [DEBUG] RequestAddCookies:123 - CookieSpec selected: default
2019-07-16 20:00:18,433 [DEBUG] RequestAuthCache:77 - Auth cache not set in the context
2019-07-16 20:00:18,433 [DEBUG] RequestTargetAuthentication:80 - Target auth state: UNCHALLENGED
2019-07-16 20:00:18,434 [DEBUG] RequestProxyAuthentication:89 - Proxy auth state: UNCHALLENGED
2019-07-16 20:00:18,434 [DEBUG] SNIAwareHttpClient:682 - Attempt 1 to execute request
2019-07-16 20:00:18,434 [DEBUG] DefaultClientConnection:274 - Sending request: GET /technology/epp/packages/2019-03/p2.index HTTP/1.1
2019-07-16 20:00:18,434 [DEBUG] wire:73 -  >> "GET /technology/epp/packages/2019-03/p2.index HTTP/1.1[\r][\n]"
2019-07-16 20:00:18,435 [DEBUG] wire:73 -  >> "Cache-Control: max-age=0[\r][\n]"
2019-07-16 20:00:18,435 [DEBUG] wire:73 -  >> "User-Agent: p2/1.2.100.v20180822-1354 (Java 1.8.0_202-b08 AdoptOpenJdk; Windows10 10.0.0 x86-64; en_US) com.st.stm32cube.ide.mcu.rcp.product/unknownBuildId (org.eclipse.ui.ide.workbench)[\r][\n]"
2019-07-16 20:00:18,435 [DEBUG] wire:73 -  >> "Host: download.eclipse.org[\r][\n]"
2019-07-16 20:00:18,436 [DEBUG] wire:73 -  >> "Connection: Keep-Alive[\r][\n]"
2019-07-16 20:00:18,436 [DEBUG] wire:73 -  >> "Accept-Encoding: gzip,deflate[\r][\n]"
2019-07-16 20:00:18,436 [DEBUG] wire:73 -  >> "[\r][\n]"
2019-07-16 20:00:18,437 [DEBUG] headers:278 - >> GET /technology/epp/packages/2019-03/p2.index HTTP/1.1
2019-07-16 20:00:18,437 [DEBUG] headers:281 - >> Cache-Control: max-age=0
2019-07-16 20:00:18,437 [DEBUG] headers:281 - >> User-Agent: p2/1.2.100.v20180822-1354 (Java 1.8.0_202-b08 AdoptOpenJdk; Windows10 10.0.0 x86-64; en_US) com.st.stm32cube.ide.mcu.rcp.product/unknownBuildId (org.eclipse.ui.ide.workbench)
2019-07-16 20:00:18,437 [DEBUG] headers:281 - >> Host: download.eclipse.org
2019-07-16 20:00:18,437 [DEBUG] headers:281 - >> Connection: Keep-Alive
2019-07-16 20:00:18,437 [DEBUG] headers:281 - >> Accept-Encoding: gzip,deflate
2019-07-16 20:00:18,869 [DEBUG] wire:73 -  << "HTTP/1.1 200 OK[\r][\n]"
2019-07-16 20:00:18,870 [DEBUG] wire:73 -  << "Server: nginx[\r][\n]"
2019-07-16 20:00:18,870 [DEBUG] wire:73 -  << "Date: Tue, 16 Jul 2019 19:00:06 GMT[\r][\n]"
2019-07-16 20:00:18,870 [DEBUG] wire:73 -  << "Content-Type: text/plain[\r][\n]"
2019-07-16 20:00:18,870 [DEBUG] wire:73 -  << "Transfer-Encoding: chunked[\r][\n]"
2019-07-16 20:00:18,871 [DEBUG] wire:73 -  << "Connection: keep-alive[\r][\n]"
2019-07-16 20:00:18,871 [DEBUG] wire:73 -  << "Vary: Accept-Encoding[\r][\n]"
2019-07-16 20:00:18,871 [DEBUG] wire:73 -  << "Last-Modified: Wed, 20 Mar 2019 10:26:30 GMT[\r][\n]"
2019-07-16 20:00:18,871 [DEBUG] wire:73 -  << "ETag: W/"8e-584840e0f8180"[\r][\n]"
2019-07-16 20:00:18,871 [DEBUG] wire:73 -  << "X-NodeID: download1[\r][\n]"
2019-07-16 20:00:18,871 [DEBUG] wire:73 -  << "Strict-Transport-Security: max-age=15552000; includeSubDomains; preload[\r][\n]"
2019-07-16 20:00:18,872 [DEBUG] wire:73 -  << "X-Frame-Options: SAMEORIGIN[\r][\n]"
2019-07-16 20:00:18,872 [DEBUG] wire:73 -  << "X-Content-Type-Options: nosniff[\r][\n]"
2019-07-16 20:00:18,872 [DEBUG] wire:73 -  << "X-XSS-Protection: 1; mode=block[\r][\n]"
2019-07-16 20:00:18,872 [DEBUG] wire:73 -  << "X-Proxy-Cache: HIT[\r][\n]"
2019-07-16 20:00:18,872 [DEBUG] wire:73 -  << "Content-Encoding: gzip[\r][\n]"
2019-07-16 20:00:18,872 [DEBUG] wire:73 -  << "[\r][\n]"
2019-07-16 20:00:18,873 [DEBUG] DefaultClientConnection:259 - Receiving response: HTTP/1.1 200 OK
2019-07-16 20:00:18,873 [DEBUG] headers:262 - << HTTP/1.1 200 OK
2019-07-16 20:00:18,873 [DEBUG] headers:265 - << Server: nginx
2019-07-16 20:00:18,873 [DEBUG] headers:265 - << Date: Tue, 16 Jul 2019 19:00:06 GMT
2019-07-16 20:00:18,873 [DEBUG] headers:265 - << Content-Type: text/plain
2019-07-16 20:00:18,873 [DEBUG] headers:265 - << Transfer-Encoding: chunked
2019-07-16 20:00:18,874 [DEBUG] headers:265 - << Connection: keep-alive
2019-07-16 20:00:18,874 [DEBUG] headers:265 - << Vary: Accept-Encoding
2019-07-16 20:00:18,874 [DEBUG] headers:265 - << Last-Modified: Wed, 20 Mar 2019 10:26:30 GMT
2019-07-16 20:00:18,874 [DEBUG] headers:265 - << ETag: W/"8e-584840e0f8180"
2019-07-16 20:00:18,874 [DEBUG] headers:265 - << X-NodeID: download1
2019-07-16 20:00:18,874 [DEBUG] headers:265 - << Strict-Transport-Security: max-age=15552000; includeSubDomains; preload
2019-07-16 20:00:18,874 [DEBUG] headers:265 - << X-Frame-Options: SAMEORIGIN
2019-07-16 20:00:18,874 [DEBUG] headers:265 - << X-Content-Type-Options: nosniff
2019-07-16 20:00:18,875 [DEBUG] headers:265 - << X-XSS-Protection: 1; mode=block
2019-07-16 20:00:18,875 [DEBUG] headers:265 - << X-Proxy-Cache: HIT
2019-07-16 20:00:18,875 [DEBUG] headers:265 - << Content-Encoding: gzip
2019-07-16 20:00:18,875 [DEBUG] SNIAwareHttpClient:509 - Connection can be kept alive indefinitely
2019-07-16 20:00:18,876 [DEBUG] wire:73 -  << "63[\r][\n]"
2019-07-16 20:00:18,876 [DEBUG] wire:87 -  << "[0x1f]"
2019-07-16 20:00:18,876 [DEBUG] wire:87 -  << "[0x8b]"
2019-07-16 20:00:18,877 [DEBUG] wire:87 -  << "[0x8]"
2019-07-16 20:00:18,877 [DEBUG] wire:87 -  << "[0x0]"
2019-07-16 20:00:18,877 [DEBUG] wire:87 -  << "[0x0][0x0][0x0][0x0][0x0][0x3]"
2019-07-16 20:00:18,877 [DEBUG] wire:73 -  << "+K-*[0xce][0xcc][0xcf][0xb3]5[0xe4][0xca]M-ILI,I[0xd4]+J-[0xc8]/[0xce],[0xc9]/[0xaa][0xd4]KKL[0x6][0xd3][0xf9]E)[0xa9]E[0xb6][\n]"
2019-07-16 20:00:18,877 [DEBUG] wire:87 -  << "[0xc9][0xf9]y%[0xa9]y%z[0x15][0xb9]9z[0x15]U:H\[0x1d]E[0xae][0xc4][0xa2][0x92]L[0x90]z<[0xfa]aJ[0x8a]a&[0xa0][0x8][0x0][0xcd][0x0][0x0][0x94][0x5]R[0xac][0x8e][0x0][0x0][0x0]"
2019-07-16 20:00:18,878 [DEBUG] wire:73 -  << "[\r][\n]"
2019-07-16 20:00:18,878 [DEBUG] wire:73 -  << "0[\r][\n]"
2019-07-16 20:00:18,878 [DEBUG] wire:73 -  << "[\r][\n]"
2019-07-16 20:00:18,878 [DEBUG] SingleClientConnManager:265 - Releasing connection org.apache.http.impl.conn.SingleClientConnManager$ConnAdapter@53044d8d
2019-07-16 20:00:19,003 [DEBUG] BasicClientConnectionManager:161 - Get connection for route {s}->https://download.eclipse.org:443
2019-07-16 20:00:19,004 [DEBUG] DefaultClientConnectionOperator:177 - Connecting to download.eclipse.org:443
2019-07-16 20:00:19,597 [DEBUG] RequestAddCookies:123 - CookieSpec selected: default
2019-07-16 20:00:19,597 [DEBUG] RequestAuthCache:77 - Auth cache not set in the context
2019-07-16 20:00:19,597 [DEBUG] RequestTargetAuthentication:80 - Target auth state: UNCHALLENGED
2019-07-16 20:00:19,598 [DEBUG] RequestProxyAuthentication:89 - Proxy auth state: UNCHALLENGED
2019-07-16 20:00:19,598 [DEBUG] SNIAwareHttpClient:682 - Attempt 1 to execute request
2019-07-16 20:00:19,598 [DEBUG] DefaultClientConnection:274 - Sending request: HEAD /technology/epp/packages/2019-03/content.xml.xz HTTP/1.1
2019-07-16 20:00:19,598 [DEBUG] wire:73 -  >> "HEAD /technology/epp/packages/2019-03/content.xml.xz HTTP/1.1[\r][\n]"
2019-07-16 20:00:19,598 [DEBUG] wire:73 -  >> "Cache-Control: max-age=0[\r][\n]"
2019-07-16 20:00:19,598 [DEBUG] wire:73 -  >> "Host: download.eclipse.org[\r][\n]"
2019-07-16 20:00:19,598 [DEBUG] wire:73 -  >> "Connection: Keep-Alive[\r][\n]"
2019-07-16 20:00:19,598 [DEBUG] wire:73 -  >> "User-Agent: Apache-HttpClient/4.5.5 (Java/1.8.0_202)[\r][\n]"
2019-07-16 20:00:19,599 [DEBUG] wire:73 -  >> "[\r][\n]"
2019-07-16 20:00:19,599 [DEBUG] headers:278 - >> HEAD /technology/epp/packages/2019-03/content.xml.xz HTTP/1.1
2019-07-16 20:00:19,599 [DEBUG] headers:281 - >> Cache-Control: max-age=0
2019-07-16 20:00:19,599 [DEBUG] headers:281 - >> Host: download.eclipse.org
2019-07-16 20:00:19,599 [DEBUG] headers:281 - >> Connection: Keep-Alive
2019-07-16 20:00:19,599 [DEBUG] headers:281 - >> User-Agent: Apache-HttpClient/4.5.5 (Java/1.8.0_202)
2019-07-16 20:00:19,735 [DEBUG] wire:73 -  << "HTTP/1.1 200 OK[\r][\n]"
2019-07-16 20:00:19,736 [DEBUG] wire:73 -  << "Server: nginx[\r][\n]"
2019-07-16 20:00:19,736 [DEBUG] wire:73 -  << "Date: Tue, 16 Jul 2019 19:00:07 GMT[\r][\n]"
2019-07-16 20:00:19,736 [DEBUG] wire:73 -  << "Content-Type: text/xml[\r][\n]"
2019-07-16 20:00:19,736 [DEBUG] wire:73 -  << "Content-Length: 25388[\r][\n]"
2019-07-16 20:00:19,736 [DEBUG] wire:73 -  << "Connection: keep-alive[\r][\n]"
2019-07-16 20:00:19,736 [DEBUG] wire:73 -  << "Vary: Accept-Encoding[\r][\n]"
2019-07-16 20:00:19,736 [DEBUG] wire:73 -  << "Last-Modified: Thu, 14 Mar 2019 15:05:04 GMT[\r][\n]"
2019-07-16 20:00:19,736 [DEBUG] wire:73 -  << "ETag: "632c-5840f3f3ea800"[\r][\n]"
2019-07-16 20:00:19,737 [DEBUG] wire:73 -  << "X-NodeID: download2[\r][\n]"
2019-07-16 20:00:19,737 [DEBUG] wire:73 -  << "Strict-Transport-Security: max-age=15552000; includeSubDomains; preload[\r][\n]"
2019-07-16 20:00:19,737 [DEBUG] wire:73 -  << "X-Frame-Options: SAMEORIGIN[\r][\n]"
2019-07-16 20:00:19,737 [DEBUG] wire:73 -  << "X-Content-Type-Options: nosniff[\r][\n]"
2019-07-16 20:00:19,737 [DEBUG] wire:73 -  << "X-XSS-Protection: 1; mode=block[\r][\n]"
2019-07-16 20:00:19,737 [DEBUG] wire:73 -  << "X-Proxy-Cache: HIT[\r][\n]"
2019-07-16 20:00:19,737 [DEBUG] wire:73 -  << "Accept-Ranges: bytes[\r][\n]"
2019-07-16 20:00:19,737 [DEBUG] wire:73 -  << "[\r][\n]"
2019-07-16 20:00:19,737 [DEBUG] DefaultClientConnection:259 - Receiving response: HTTP/1.1 200 OK
2019-07-16 20:00:19,737 [DEBUG] headers:262 - << HTTP/1.1 200 OK
2019-07-16 20:00:19,737 [DEBUG] headers:265 - << Server: nginx
2019-07-16 20:00:19,738 [DEBUG] headers:265 - << Date: Tue, 16 Jul 2019 19:00:07 GMT
2019-07-16 20:00:19,738 [DEBUG] headers:265 - << Content-Type: text/xml
2019-07-16 20:00:19,738 [DEBUG] headers:265 - << Content-Length: 25388
2019-07-16 20:00:19,738 [DEBUG] headers:265 - << Connection: keep-alive
2019-07-16 20:00:19,738 [DEBUG] headers:265 - << Vary: Accept-Encoding
2019-07-16 20:00:19,738 [DEBUG] headers:265 - << Last-Modified: Thu, 14 Mar 2019 15:05:04 GMT
2019-07-16 20:00:19,738 [DEBUG] headers:265 - << ETag: "632c-5840f3f3ea800"
2019-07-16 20:00:19,738 [DEBUG] headers:265 - << X-NodeID: download2
2019-07-16 20:00:19,738 [DEBUG] headers:265 - << Strict-Transport-Security: max-age=15552000; includeSubDomains; preload
2019-07-16 20:00:19,739 [DEBUG] headers:265 - << X-Frame-Options: SAMEORIGIN
2019-07-16 20:00:19,739 [DEBUG] headers:265 - << X-Content-Type-Options: nosniff
2019-07-16 20:00:19,739 [DEBUG] headers:265 - << X-XSS-Protection: 1; mode=block
2019-07-16 20:00:19,739 [DEBUG] headers:265 - << X-Proxy-Cache: HIT
2019-07-16 20:00:19,739 [DEBUG] headers:265 - << Accept-Ranges: bytes
2019-07-16 20:00:19,739 [DEBUG] SNIAwareHttpClient:509 - Connection can be kept alive indefinitely
2019-07-16 20:00:19,740 [DEBUG] BasicClientConnectionManager:200 - Releasing connection org.apache.http.impl.conn.ManagedClientConnectionImpl@11022135
2019-07-16 20:00:19,740 [DEBUG] BasicClientConnectionManager:225 - Connection can be kept alive indefinitely
2019-07-16 20:00:19,817 [DEBUG] SingleClientConnManager:210 - Get connection for route {s}->https://download.eclipse.org:443
2019-07-16 20:00:19,818 [DEBUG] DefaultClientConnectionOperator:177 - Connecting to download.eclipse.org:443
2019-07-16 20:00:19,958 [DEBUG] RequestAddCookies:123 - CookieSpec selected: default
2019-07-16 20:00:19,958 [DEBUG] RequestAuthCache:77 - Auth cache not set in the context
2019-07-16 20:00:19,958 [DEBUG] RequestTargetAuthentication:80 - Target auth state: UNCHALLENGED
2019-07-16 20:00:19,958 [DEBUG] RequestProxyAuthentication:89 - Proxy auth state: UNCHALLENGED
2019-07-16 20:00:19,959 [DEBUG] SNIAwareHttpClient:682 - Attempt 1 to execute request
2019-07-16 20:00:19,959 [DEBUG] DefaultClientConnection:274 - Sending request: GET /releases/2019-03/201903201000/p2.index HTTP/1.1
2019-07-16 20:00:19,959 [DEBUG] wire:73 -  >> "GET /releases/2019-03/201903201000/p2.index HTTP/1.1[\r][\n]"
2019-07-16 20:00:19,959 [DEBUG] wire:73 -  >> "Cache-Control: max-age=0[\r][\n]"
2019-07-16 20:00:19,959 [DEBUG] wire:73 -  >> "User-Agent: p2/1.2.100.v20180822-1354 (Java 1.8.0_202-b08 AdoptOpenJdk; Windows10 10.0.0 x86-64; en_US) com.st.stm32cube.ide.mcu.rcp.product/unknownBuildId (org.eclipse.ui.ide.workbench)[\r][\n]"
2019-07-16 20:00:19,959 [DEBUG] wire:73 -  >> "Host: download.eclipse.org[\r][\n]"
2019-07-16 20:00:19,959 [DEBUG] wire:73 -  >> "Connection: Keep-Alive[\r][\n]"
2019-07-16 20:00:19,960 [DEBUG] wire:73 -  >> "Accept-Encoding: gzip,deflate[\r][\n]"
2019-07-16 20:00:19,960 [DEBUG] wire:73 -  >> "[\r][\n]"
2019-07-16 20:00:19,960 [DEBUG] headers:278 - >> GET /releases/2019-03/201903201000/p2.index HTTP/1.1
2019-07-16 20:00:19,960 [DEBUG] headers:281 - >> Cache-Control: max-age=0
2019-07-16 20:00:19,960 [DEBUG] headers:281 - >> User-Agent: p2/1.2.100.v20180822-1354 (Java 1.8.0_202-b08 AdoptOpenJdk; Windows10 10.0.0 x86-64; en_US) com.st.stm32cube.ide.mcu.rcp.product/unknownBuildId (org.eclipse.ui.ide.workbench)
2019-07-16 20:00:19,960 [DEBUG] headers:281 - >> Host: download.eclipse.org
2019-07-16 20:00:19,960 [DEBUG] headers:281 - >> Connection: Keep-Alive
2019-07-16 20:00:19,961 [DEBUG] headers:281 - >> Accept-Encoding: gzip,deflate
2019-07-16 20:00:20,384 [DEBUG] wire:73 -  << "HTTP/1.1 200 OK[\r][\n]"
2019-07-16 20:00:20,384 [DEBUG] wire:73 -  << "Server: nginx[\r][\n]"
2019-07-16 20:00:20,384 [DEBUG] wire:73 -  << "Date: Tue, 16 Jul 2019 19:00:08 GMT[\r][\n]"
2019-07-16 20:00:20,384 [DEBUG] wire:73 -  << "Content-Type: text/plain[\r][\n]"
2019-07-16 20:00:20,385 [DEBUG] wire:73 -  << "Transfer-Encoding: chunked[\r][\n]"
2019-07-16 20:00:20,385 [DEBUG] wire:73 -  << "Connection: keep-alive[\r][\n]"
2019-07-16 20:00:20,385 [DEBUG] wire:73 -  << "Vary: Accept-Encoding[\r][\n]"
2019-07-16 20:00:20,385 [DEBUG] wire:73 -  << "Last-Modified: Thu, 14 Mar 2019 12:58:33 GMT[\r][\n]"
2019-07-16 20:00:20,385 [DEBUG] wire:73 -  << "ETag: W/"8e-5840d7acd9f07"[\r][\n]"
2019-07-16 20:00:20,385 [DEBUG] wire:73 -  << "X-NodeID: download2[\r][\n]"
2019-07-16 20:00:20,385 [DEBUG] wire:73 -  << "Strict-Transport-Security: max-age=15552000; includeSubDomains; preload[\r][\n]"
2019-07-16 20:00:20,386 [DEBUG] wire:73 -  << "X-Frame-Options: SAMEORIGIN[\r][\n]"
2019-07-16 20:00:20,386 [DEBUG] wire:73 -  << "X-Content-Type-Options: nosniff[\r][\n]"
2019-07-16 20:00:20,386 [DEBUG] wire:73 -  << "X-XSS-Protection: 1; mode=block[\r][\n]"
2019-07-16 20:00:20,386 [DEBUG] wire:73 -  << "X-Proxy-Cache: HIT[\r][\n]"
2019-07-16 20:00:20,386 [DEBUG] wire:73 -  << "Content-Encoding: gzip[\r][\n]"
2019-07-16 20:00:20,386 [DEBUG] wire:73 -  << "[\r][\n]"
2019-07-16 20:00:20,386 [DEBUG] DefaultClientConnection:259 - Receiving response: HTTP/1.1 200 OK
2019-07-16 20:00:20,386 [DEBUG] headers:262 - << HTTP/1.1 200 OK
2019-07-16 20:00:20,386 [DEBUG] headers:265 - << Server: nginx
2019-07-16 20:00:20,386 [DEBUG] headers:265 - << Date: Tue, 16 Jul 2019 19:00:08 GMT
2019-07-16 20:00:20,387 [DEBUG] headers:265 - << Content-Type: text/plain
2019-07-16 20:00:20,387 [DEBUG] headers:265 - << Transfer-Encoding: chunked
2019-07-16 20:00:20,387 [DEBUG] headers:265 - << Connection: keep-alive
2019-07-16 20:00:20,387 [DEBUG] headers:265 - << Vary: Accept-Encoding
2019-07-16 20:00:20,387 [DEBUG] headers:265 - << Last-Modified: Thu, 14 Mar 2019 12:58:33 GMT
2019-07-16 20:00:20,387 [DEBUG] headers:265 - << ETag: W/"8e-5840d7acd9f07"
2019-07-16 20:00:20,387 [DEBUG] headers:265 - << X-NodeID: download2
2019-07-16 20:00:20,387 [DEBUG] headers:265 - << Strict-Transport-Security: max-age=15552000; includeSubDomains; preload
2019-07-16 20:00:20,387 [DEBUG] headers:265 - << X-Frame-Options: SAMEORIGIN
2019-07-16 20:00:20,388 [DEBUG] headers:265 - << X-Content-Type-Options: nosniff
2019-07-16 20:00:20,388 [DEBUG] headers:265 - << X-XSS-Protection: 1; mode=block
2019-07-16 20:00:20,388 [DEBUG] headers:265 - << X-Proxy-Cache: HIT
2019-07-16 20:00:20,388 [DEBUG] headers:265 - << Content-Encoding: gzip
2019-07-16 20:00:20,388 [DEBUG] SNIAwareHttpClient:509 - Connection can be kept alive indefinitely
2019-07-16 20:00:20,390 [DEBUG] wire:73 -  << "63[\r][\n]"
2019-07-16 20:00:20,390 [DEBUG] wire:87 -  << "[0x1f]"
2019-07-16 20:00:20,390 [DEBUG] wire:87 -  << "[0x8b]"
2019-07-16 20:00:20,390 [DEBUG] wire:87 -  << "[0x8]"
2019-07-16 20:00:20,390 [DEBUG] wire:87 -  << "[0x0]"
2019-07-16 20:00:20,390 [DEBUG] wire:87 -  << "[0x0][0x0][0x0][0x0][0x0][0x3]"
2019-07-16 20:00:20,390 [DEBUG] wire:73 -  << "+K-*[0xce][0xcc][0xcf][0xb3]5[0xe4][0xca]M-ILI,I[0xd4]+J-[0xc8]/[0xce],[0xc9]/[0xaa][0xd4]KKL[0x6][0xd3][0xf9]E)[0xa9]E[0xb6][\n]"
2019-07-16 20:00:20,390 [DEBUG] wire:87 -  << "[0xc9][0xf9]y%[0xa9]y%z[0x15][0xb9]9z[0x15]U:H\[0x1d]E[0xae][0xc4][0xa2][0x92]L[0x90]z<[0xfa]aJ[0x8a]a&[0xa0][0x8][0x0][0xcd][0x0][0x0][0x94][0x5]R[0xac][0x8e][0x0][0x0][0x0]"
2019-07-16 20:00:20,391 [DEBUG] wire:73 -  << "[\r][\n]"
2019-07-16 20:00:20,391 [DEBUG] wire:73 -  << "0[\r][\n]"
2019-07-16 20:00:20,391 [DEBUG] wire:73 -  << "[\r][\n]"
2019-07-16 20:00:20,391 [DEBUG] SingleClientConnManager:265 - Releasing connection org.apache.http.impl.conn.SingleClientConnManager$ConnAdapter@5636054d
2019-07-16 20:00:20,495 [DEBUG] BasicClientConnectionManager:161 - Get connection for route {s}->https://download.eclipse.org:443
2019-07-16 20:00:20,495 [DEBUG] DefaultClientConnectionOperator:177 - Connecting to download.eclipse.org:443
2019-07-16 20:00:21,211 [DEBUG] RequestAddCookies:123 - CookieSpec selected: default
2019-07-16 20:00:21,212 [DEBUG] RequestAuthCache:77 - Auth cache not set in the context
2019-07-16 20:00:21,212 [DEBUG] RequestTargetAuthentication:80 - Target auth state: UNCHALLENGED
2019-07-16 20:00:21,212 [DEBUG] RequestProxyAuthentication:89 - Proxy auth state: UNCHALLENGED
2019-07-16 20:00:21,213 [DEBUG] SNIAwareHttpClient:682 - Attempt 1 to execute request
2019-07-16 20:00:21,213 [DEBUG] DefaultClientConnection:274 - Sending request: HEAD /releases/2019-03/201903201000/content.xml.xz HTTP/1.1
2019-07-16 20:00:21,213 [DEBUG] wire:73 -  >> "HEAD /releases/2019-03/201903201000/content.xml.xz HTTP/1.1[\r][\n]"
2019-07-16 20:00:21,213 [DEBUG] wire:73 -  >> "Cache-Control: max-age=0[\r][\n]"
2019-07-16 20:00:21,214 [DEBUG] wire:73 -  >> "Host: download.eclipse.org[\r][\n]"
2019-07-16 20:00:21,214 [DEBUG] wire:73 -  >> "Connection: Keep-Alive[\r][\n]"
2019-07-16 20:00:21,214 [DEBUG] wire:73 -  >> "User-Agent: Apache-HttpClient/4.5.5 (Java/1.8.0_202)[\r][\n]"
2019-07-16 20:00:21,214 [DEBUG] wire:73 -  >> "[\r][\n]"
2019-07-16 20:00:21,214 [DEBUG] headers:278 - >> HEAD /releases/2019-03/201903201000/content.xml.xz HTTP/1.1
2019-07-16 20:00:21,215 [DEBUG] headers:281 - >> Cache-Control: max-age=0
2019-07-16 20:00:21,215 [DEBUG] headers:281 - >> Host: download.eclipse.org
2019-07-16 20:00:21,215 [DEBUG] headers:281 - >> Connection: Keep-Alive
2019-07-16 20:00:21,215 [DEBUG] headers:281 - >> User-Agent: Apache-HttpClient/4.5.5 (Java/1.8.0_202)
2019-07-16 20:00:21,623 [DEBUG] wire:73 -  << "HTTP/1.1 200 OK[\r][\n]"
2019-07-16 20:00:21,623 [DEBUG] wire:73 -  << "Server: nginx[\r][\n]"
2019-07-16 20:00:21,623 [DEBUG] wire:73 -  << "Date: Tue, 16 Jul 2019 19:00:09 GMT[\r][\n]"
2019-07-16 20:00:21,623 [DEBUG] wire:73 -  << "Content-Type: text/xml[\r][\n]"
2019-07-16 20:00:21,623 [DEBUG] wire:73 -  << "Content-Length: 1016284[\r][\n]"
2019-07-16 20:00:21,623 [DEBUG] wire:73 -  << "Connection: keep-alive[\r][\n]"
2019-07-16 20:00:21,623 [DEBUG] wire:73 -  << "Vary: Accept-Encoding[\r][\n]"
2019-07-16 20:00:21,624 [DEBUG] wire:73 -  << "Last-Modified: Thu, 21 Mar 2019 10:13:51 GMT[\r][\n]"
2019-07-16 20:00:21,624 [DEBUG] wire:73 -  << "ETag: "f81dc-58497feaec139"[\r][\n]"
2019-07-16 20:00:21,624 [DEBUG] wire:73 -  << "X-NodeID: download1[\r][\n]"
2019-07-16 20:00:21,624 [DEBUG] wire:73 -  << "Strict-Transport-Security: max-age=15552000; includeSubDomains; preload[\r][\n]"
2019-07-16 20:00:21,624 [DEBUG] wire:73 -  << "X-Frame-Options: SAMEORIGIN[\r][\n]"
2019-07-16 20:00:21,624 [DEBUG] wire:73 -  << "X-Content-Type-Options: nosniff[\r][\n]"
2019-07-16 20:00:21,624 [DEBUG] wire:73 -  << "X-XSS-Protection: 1; mode=block[\r][\n]"
2019-07-16 20:00:21,624 [DEBUG] wire:73 -  << "X-Proxy-Cache: HIT[\r][\n]"
2019-07-16 20:00:21,624 [DEBUG] wire:73 -  << "Accept-Ranges: bytes[\r][\n]"
2019-07-16 20:00:21,624 [DEBUG] wire:73 -  << "[\r][\n]"
2019-07-16 20:00:21,625 [DEBUG] DefaultClientConnection:259 - Receiving response: HTTP/1.1 200 OK
2019-07-16 20:00:21,625 [DEBUG] headers:262 - << HTTP/1.1 200 OK
2019-07-16 20:00:21,625 [DEBUG] headers:265 - << Server: nginx
2019-07-16 20:00:21,625 [DEBUG] headers:265 - << Date: Tue, 16 Jul 2019 19:00:09 GMT
2019-07-16 20:00:21,625 [DEBUG] headers:265 - << Content-Type: text/xml
2019-07-16 20:00:21,625 [DEBUG] headers:265 - << Content-Length: 1016284
2019-07-16 20:00:21,625 [DEBUG] headers:265 - << Connection: keep-alive
2019-07-16 20:00:21,625 [DEBUG] headers:265 - << Vary: Accept-Encoding
2019-07-16 20:00:21,625 [DEBUG] headers:265 - << Last-Modified: Thu, 21 Mar 2019 10:13:51 GMT
2019-07-16 20:00:21,625 [DEBUG] headers:265 - << ETag: "f81dc-58497feaec139"
2019-07-16 20:00:21,625 [DEBUG] headers:265 - << X-NodeID: download1
2019-07-16 20:00:21,626 [DEBUG] headers:265 - << Strict-Transport-Security: max-age=15552000; includeSubDomains; preload
2019-07-16 20:00:21,626 [DEBUG] headers:265 - << X-Frame-Options: SAMEORIGIN
2019-07-16 20:00:21,626 [DEBUG] headers:265 - << X-Content-Type-Options: nosniff
2019-07-16 20:00:21,626 [DEBUG] headers:265 - << X-XSS-Protection: 1; mode=block
2019-07-16 20:00:21,626 [DEBUG] headers:265 - << X-Proxy-Cache: HIT
2019-07-16 20:00:21,626 [DEBUG] headers:265 - << Accept-Ranges: bytes
2019-07-16 20:00:21,626 [DEBUG] SNIAwareHttpClient:509 - Connection can be kept alive indefinitely
2019-07-16 20:00:21,626 [DEBUG] BasicClientConnectionManager:200 - Releasing connection org.apache.http.impl.conn.ManagedClientConnectionImpl@60dcf4d
2019-07-16 20:00:21,627 [DEBUG] BasicClientConnectionManager:225 - Connection can be kept alive indefinitely
2019-07-16 20:00:22,403 [DEBUG] DefaultClientConnection:164 - Connection 0.0.0.0:63242<->198.41.30.199:443 shut down
2019-07-16 20:00:22,405 [DEBUG] DefaultClientConnection:180 - Connection 0.0.0.0:63243<->198.41.30.199:443 closed
2019-07-16 20:00:22,406 [DEBUG] DefaultClientConnection:180 - Connection 0.0.0.0:63239<->198.41.30.199:443 closed
2019-07-16 20:00:22,407 [DEBUG] DefaultClientConnection:164 - Connection 0.0.0.0:63240<->198.41.30.199:443 shut down
2019-07-16 20:00:22,409 [DEBUG] DefaultClientConnection:180 - Connection 0.0.0.0:63241<->198.41.30.199:443 closed
2019-07-16 20:00:22,411 [DEBUG] DefaultClientConnection:164 - Connection 0.0.0.0:63238<->198.41.30.199:443 shut down
